
*** Running vivado
    with args -log xilinx_pcie_2_1_ep_7x.vds -m64 -product Vivado -mode batch -messageDb vivado.pb -notrace -source xilinx_pcie_2_1_ep_7x.tcl


****** Vivado v2018.3 (64-bit)
  **** SW Build 2405991 on Thu Dec  6 23:38:27 MST 2018
  **** IP Build 2404404 on Fri Dec  7 01:43:56 MST 2018
    ** Copyright 1986-2018 Xilinx, Inc. All Rights Reserved.

source xilinx_pcie_2_1_ep_7x.tcl -notrace
WARNING: [Board 49-69] Validation failed for board file C:/Xilinx/Vivado/2018.3/data/boards/board_files/k410tFM2/1.0/board.xml:
 Pin Map file does not provide LOC constraints for PHY_TXD0COMP : xilinx.com:k410tfm2:part0:1.0

CRITICAL WARNING: [Board 49-56] Problem parsing board file - C:/Xilinx/Vivado/2018.3/data/boards/board_files/k410tFM2/1.0/board.xml
Command: synth_design -top xilinx_pcie_2_1_ep_7x -part xc7k410tffg900-2
Starting synth_design
Attempting to get a license for feature 'Synthesis' and/or device 'xc7k410t'
INFO: [Common 17-349] Got license for feature 'Synthesis' and/or device 'xc7k410t'
INFO: Launching helper process for spawning children vivado processes
INFO: Helper process launched with PID 23392 
---------------------------------------------------------------------------------
Starting RTL Elaboration : Time (s): cpu = 00:00:02 ; elapsed = 00:00:03 . Memory (MB): peak = 482.301 ; gain = 100.234
---------------------------------------------------------------------------------
INFO: [Synth 8-6157] synthesizing module 'xilinx_pcie_2_1_ep_7x' [D:/Documents/FPGA-Miner/xilinx-study/pci-e/pg054/pcie_ex2-tendomprom/pcie_7x_0_ex/imports/xilinx_pcie_2_1_ep_7x.v:60]
	Parameter PL_FAST_TRAIN bound to: FALSE - type: string 
	Parameter EXT_PIPE_SIM bound to: FALSE - type: string 
	Parameter PCIE_EXT_CLK bound to: TRUE - type: string 
	Parameter PCIE_EXT_GT_COMMON bound to: FALSE - type: string 
	Parameter REF_CLK_FREQ bound to: 0 - type: integer 
	Parameter C_DATA_WIDTH bound to: 64 - type: integer 
	Parameter KEEP_WIDTH bound to: 8 - type: integer 
	Parameter TCQ bound to: 1 - type: integer 
	Parameter USER_CLK_FREQ bound to: 3 - type: integer 
	Parameter USER_CLK2_DIV2 bound to: FALSE - type: string 
	Parameter USERCLK2_FREQ bound to: 3 - type: integer 
INFO: [Synth 8-6157] synthesizing module 'IBUF' [C:/Xilinx/Vivado/2018.3/scripts/rt/data/unisim_comp.v:20408]
	Parameter CAPACITANCE bound to: DONT_CARE - type: string 
	Parameter IBUF_DELAY_VALUE bound to: 0 - type: string 
	Parameter IBUF_LOW_PWR bound to: TRUE - type: string 
	Parameter IFD_DELAY_VALUE bound to: AUTO - type: string 
	Parameter IOSTANDARD bound to: DEFAULT - type: string 
INFO: [Synth 8-6155] done synthesizing module 'IBUF' (1#1) [C:/Xilinx/Vivado/2018.3/scripts/rt/data/unisim_comp.v:20408]
INFO: [Synth 8-6157] synthesizing module 'IBUFDS_GTE2' [C:/Xilinx/Vivado/2018.3/scripts/rt/data/unisim_comp.v:20561]
	Parameter CLKCM_CFG bound to: TRUE - type: string 
	Parameter CLKRCV_TRST bound to: TRUE - type: string 
	Parameter CLKSWING_CFG bound to: 2'b11 
INFO: [Synth 8-6155] done synthesizing module 'IBUFDS_GTE2' (2#1) [C:/Xilinx/Vivado/2018.3/scripts/rt/data/unisim_comp.v:20561]
INFO: [Synth 8-6157] synthesizing module 'pcie_7x_0_support' [D:/Documents/FPGA-Miner/xilinx-study/pci-e/pg054/pcie_ex2-tendomprom/pcie_7x_0_ex/imports/pcie_7x_0_support.v:61]
	Parameter LINK_CAP_MAX_LINK_WIDTH bound to: 8 - type: integer 
	Parameter CLK_SHARING_EN bound to: FALSE - type: string 
	Parameter C_DATA_WIDTH bound to: 64 - type: integer 
	Parameter KEEP_WIDTH bound to: 8 - type: integer 
	Parameter PCIE_REFCLK_FREQ bound to: 0 - type: integer 
	Parameter PCIE_USERCLK1_FREQ bound to: 4 - type: integer 
	Parameter PCIE_USERCLK2_FREQ bound to: 4 - type: integer 
	Parameter PCIE_GT_DEVICE bound to: GTX - type: string 
	Parameter PCIE_USE_MODE bound to: 3.0 - type: string 
INFO: [Synth 8-6157] synthesizing module 'pcie_7x_0_pipe_clock' [D:/Documents/FPGA-Miner/xilinx-study/pci-e/pg054/pcie_ex2-tendomprom/pcie_7x_0_ex/imports/pcie_7x_0_pipe_clock.v:67]
	Parameter PCIE_ASYNC_EN bound to: FALSE - type: string 
	Parameter PCIE_TXBUF_EN bound to: FALSE - type: string 
	Parameter PCIE_CLK_SHARING_EN bound to: FALSE - type: string 
	Parameter PCIE_LANE bound to: 8 - type: integer 
	Parameter PCIE_LINK_SPEED bound to: 3 - type: integer 
	Parameter PCIE_REFCLK_FREQ bound to: 0 - type: integer 
	Parameter PCIE_USERCLK1_FREQ bound to: 4 - type: integer 
	Parameter PCIE_USERCLK2_FREQ bound to: 4 - type: integer 
	Parameter PCIE_OOBCLK_MODE bound to: 1 - type: integer 
	Parameter PCIE_DEBUG_MODE bound to: 0 - type: integer 
	Parameter DIVCLK_DIVIDE bound to: 1 - type: integer 
	Parameter CLKFBOUT_MULT_F bound to: 10 - type: integer 
	Parameter CLKIN1_PERIOD bound to: 10 - type: integer 
	Parameter CLKOUT0_DIVIDE_F bound to: 8 - type: integer 
	Parameter CLKOUT1_DIVIDE bound to: 4 - type: integer 
	Parameter CLKOUT2_DIVIDE bound to: 4 - type: integer 
	Parameter CLKOUT3_DIVIDE bound to: 4 - type: integer 
	Parameter CLKOUT4_DIVIDE bound to: 20 - type: integer 
	Parameter PCIE_GEN1_MODE bound to: 1'b1 
INFO: [Synth 8-5534] Detected attribute (* ASYNC_REG = "TRUE" *) [D:/Documents/FPGA-Miner/xilinx-study/pci-e/pg054/pcie_ex2-tendomprom/pcie_7x_0_ex/imports/pcie_7x_0_pipe_clock.v:137]
INFO: [Synth 8-5534] Detected attribute (* ASYNC_REG = "TRUE" *) [D:/Documents/FPGA-Miner/xilinx-study/pci-e/pg054/pcie_ex2-tendomprom/pcie_7x_0_ex/imports/pcie_7x_0_pipe_clock.v:138]
INFO: [Synth 8-5534] Detected attribute (* ASYNC_REG = "TRUE" *) [D:/Documents/FPGA-Miner/xilinx-study/pci-e/pg054/pcie_ex2-tendomprom/pcie_7x_0_ex/imports/pcie_7x_0_pipe_clock.v:139]
INFO: [Synth 8-5534] Detected attribute (* ASYNC_REG = "TRUE" *) [D:/Documents/FPGA-Miner/xilinx-study/pci-e/pg054/pcie_ex2-tendomprom/pcie_7x_0_ex/imports/pcie_7x_0_pipe_clock.v:141]
INFO: [Synth 8-5534] Detected attribute (* ASYNC_REG = "TRUE" *) [D:/Documents/FPGA-Miner/xilinx-study/pci-e/pg054/pcie_ex2-tendomprom/pcie_7x_0_ex/imports/pcie_7x_0_pipe_clock.v:142]
INFO: [Synth 8-5534] Detected attribute (* ASYNC_REG = "TRUE" *) [D:/Documents/FPGA-Miner/xilinx-study/pci-e/pg054/pcie_ex2-tendomprom/pcie_7x_0_ex/imports/pcie_7x_0_pipe_clock.v:143]
INFO: [Synth 8-5534] Detected attribute (* dont_touch = "true" *) [D:/Documents/FPGA-Miner/xilinx-study/pci-e/pg054/pcie_ex2-tendomprom/pcie_7x_0_ex/imports/pcie_7x_0_pipe_clock.v:154]
INFO: [Synth 8-6157] synthesizing module 'BUFG' [C:/Xilinx/Vivado/2018.3/scripts/rt/data/unisim_comp.v:609]
INFO: [Synth 8-6155] done synthesizing module 'BUFG' (3#1) [C:/Xilinx/Vivado/2018.3/scripts/rt/data/unisim_comp.v:609]
INFO: [Synth 8-6157] synthesizing module 'BUFGCTRL' [C:/Xilinx/Vivado/2018.3/scripts/rt/data/unisim_comp.v:666]
	Parameter CE_TYPE_CE0 bound to: SYNC - type: string 
	Parameter CE_TYPE_CE1 bound to: SYNC - type: string 
	Parameter INIT_OUT bound to: 0 - type: integer 
	Parameter IS_CE0_INVERTED bound to: 1'b0 
	Parameter IS_CE1_INVERTED bound to: 1'b0 
	Parameter IS_I0_INVERTED bound to: 1'b0 
	Parameter IS_I1_INVERTED bound to: 1'b0 
	Parameter IS_IGNORE0_INVERTED bound to: 1'b0 
	Parameter IS_IGNORE1_INVERTED bound to: 1'b0 
	Parameter IS_S0_INVERTED bound to: 1'b0 
	Parameter IS_S1_INVERTED bound to: 1'b0 
	Parameter PRESELECT_I0 bound to: FALSE - type: string 
	Parameter PRESELECT_I1 bound to: FALSE - type: string 
INFO: [Synth 8-6155] done synthesizing module 'BUFGCTRL' (4#1) [C:/Xilinx/Vivado/2018.3/scripts/rt/data/unisim_comp.v:666]
INFO: [Synth 8-6157] synthesizing module 'MMCME2_ADV' [C:/Xilinx/Vivado/2018.3/scripts/rt/data/unisim_comp.v:26717]
	Parameter BANDWIDTH bound to: OPTIMIZED - type: string 
	Parameter CLKFBOUT_MULT_F bound to: 10.000000 - type: float 
	Parameter CLKFBOUT_PHASE bound to: 0.000000 - type: float 
	Parameter CLKFBOUT_USE_FINE_PS bound to: FALSE - type: string 
	Parameter CLKIN1_PERIOD bound to: 10.000000 - type: float 
	Parameter CLKIN2_PERIOD bound to: 0.000000 - type: float 
	Parameter CLKOUT0_DIVIDE_F bound to: 8.000000 - type: float 
	Parameter CLKOUT0_DUTY_CYCLE bound to: 0.500000 - type: float 
	Parameter CLKOUT0_PHASE bound to: 0.000000 - type: float 
	Parameter CLKOUT0_USE_FINE_PS bound to: FALSE - type: string 
	Parameter CLKOUT1_DIVIDE bound to: 4 - type: integer 
	Parameter CLKOUT1_DUTY_CYCLE bound to: 0.500000 - type: float 
	Parameter CLKOUT1_PHASE bound to: 0.000000 - type: float 
	Parameter CLKOUT1_USE_FINE_PS bound to: FALSE - type: string 
	Parameter CLKOUT2_DIVIDE bound to: 4 - type: integer 
	Parameter CLKOUT2_DUTY_CYCLE bound to: 0.500000 - type: float 
	Parameter CLKOUT2_PHASE bound to: 0.000000 - type: float 
	Parameter CLKOUT2_USE_FINE_PS bound to: FALSE - type: string 
	Parameter CLKOUT3_DIVIDE bound to: 4 - type: integer 
	Parameter CLKOUT3_DUTY_CYCLE bound to: 0.500000 - type: float 
	Parameter CLKOUT3_PHASE bound to: 0.000000 - type: float 
	Parameter CLKOUT3_USE_FINE_PS bound to: FALSE - type: string 
	Parameter CLKOUT4_CASCADE bound to: FALSE - type: string 
	Parameter CLKOUT4_DIVIDE bound to: 20 - type: integer 
	Parameter CLKOUT4_DUTY_CYCLE bound to: 0.500000 - type: float 
	Parameter CLKOUT4_PHASE bound to: 0.000000 - type: float 
	Parameter CLKOUT4_USE_FINE_PS bound to: FALSE - type: string 
	Parameter CLKOUT5_DIVIDE bound to: 1 - type: integer 
	Parameter CLKOUT5_DUTY_CYCLE bound to: 0.500000 - type: float 
	Parameter CLKOUT5_PHASE bound to: 0.000000 - type: float 
	Parameter CLKOUT5_USE_FINE_PS bound to: FALSE - type: string 
	Parameter CLKOUT6_DIVIDE bound to: 1 - type: integer 
	Parameter CLKOUT6_DUTY_CYCLE bound to: 0.500000 - type: float 
	Parameter CLKOUT6_PHASE bound to: 0.000000 - type: float 
	Parameter CLKOUT6_USE_FINE_PS bound to: FALSE - type: string 
	Parameter COMPENSATION bound to: ZHOLD - type: string 
	Parameter DIVCLK_DIVIDE bound to: 1 - type: integer 
	Parameter IS_CLKINSEL_INVERTED bound to: 1'b0 
	Parameter IS_PSEN_INVERTED bound to: 1'b0 
	Parameter IS_PSINCDEC_INVERTED bound to: 1'b0 
	Parameter IS_PWRDWN_INVERTED bound to: 1'b0 
	Parameter IS_RST_INVERTED bound to: 1'b0 
	Parameter REF_JITTER1 bound to: 0.010000 - type: float 
	Parameter REF_JITTER2 bound to: 0.010000 - type: float 
	Parameter SS_EN bound to: FALSE - type: string 
	Parameter SS_MODE bound to: CENTER_HIGH - type: string 
	Parameter SS_MOD_PERIOD bound to: 10000 - type: integer 
	Parameter STARTUP_WAIT bound to: FALSE - type: string 
INFO: [Synth 8-6155] done synthesizing module 'MMCME2_ADV' (5#1) [C:/Xilinx/Vivado/2018.3/scripts/rt/data/unisim_comp.v:26717]
WARNING: [Synth 8-6014] Unused sequential element pclk_sel_slave_reg was removed.  [D:/Documents/FPGA-Miner/xilinx-study/pci-e/pg054/pcie_ex2-tendomprom/pcie_7x_0_ex/imports/pcie_7x_0_pipe_clock.v:589]
INFO: [Synth 8-6155] done synthesizing module 'pcie_7x_0_pipe_clock' (6#1) [D:/Documents/FPGA-Miner/xilinx-study/pci-e/pg054/pcie_ex2-tendomprom/pcie_7x_0_ex/imports/pcie_7x_0_pipe_clock.v:67]
INFO: [Synth 8-6157] synthesizing module 'pcie_7x_0' [D:/Documents/FPGA-Miner/xilinx-study/pci-e/pg054/pcie_ex2-tendomprom/pcie_7x_0_ex/pcie_7x_0_ex.runs/synth_1/.Xil/Vivado-24268-vr-2/realtime/pcie_7x_0_stub.v:6]
INFO: [Synth 8-6155] done synthesizing module 'pcie_7x_0' (7#1) [D:/Documents/FPGA-Miner/xilinx-study/pci-e/pg054/pcie_ex2-tendomprom/pcie_7x_0_ex/pcie_7x_0_ex.runs/synth_1/.Xil/Vivado-24268-vr-2/realtime/pcie_7x_0_stub.v:6]
INFO: [Synth 8-6155] done synthesizing module 'pcie_7x_0_support' (8#1) [D:/Documents/FPGA-Miner/xilinx-study/pci-e/pg054/pcie_ex2-tendomprom/pcie_7x_0_ex/imports/pcie_7x_0_support.v:61]
INFO: [Synth 8-6157] synthesizing module 'pcie_app_7x' [D:/Documents/FPGA-Miner/xilinx-study/pci-e/pg054/pcie_ex2-tendomprom/pcie_7x_0_ex/imports/pcie_app_7x.v:65]
	Parameter C_DATA_WIDTH bound to: 64 - type: integer 
	Parameter KEEP_WIDTH bound to: 8 - type: integer 
	Parameter TCQ bound to: 1 - type: integer 
INFO: [Synth 8-6157] synthesizing module 'PIO' [D:/Documents/FPGA-Miner/xilinx-study/pci-e/pg054/pcie_ex2-tendomprom/pcie_7x_0_ex/imports/PIO.v:66]
	Parameter C_DATA_WIDTH bound to: 64 - type: integer 
	Parameter KEEP_WIDTH bound to: 8 - type: integer 
	Parameter TCQ bound to: 1 - type: integer 
INFO: [Synth 8-6157] synthesizing module 'PIO_EP' [D:/Documents/FPGA-Miner/xilinx-study/pci-e/pg054/pcie_ex2-tendomprom/pcie_7x_0_ex/imports/PIO_EP.v:62]
	Parameter C_DATA_WIDTH bound to: 64 - type: integer 
	Parameter KEEP_WIDTH bound to: 8 - type: integer 
	Parameter TCQ bound to: 1 - type: integer 
INFO: [Synth 8-6157] synthesizing module 'PIO_EP_MEM_ACCESS' [D:/Documents/FPGA-Miner/xilinx-study/pci-e/pg054/pcie_ex2-tendomprom/pcie_7x_0_ex/imports/PIO_EP_MEM_ACCESS.v:69]
	Parameter TCQ bound to: 1 - type: integer 
	Parameter PIO_MEM_ACCESS_WR_RST bound to: 3'b000 
	Parameter PIO_MEM_ACCESS_WR_WAIT bound to: 3'b001 
	Parameter PIO_MEM_ACCESS_WR_READ bound to: 3'b010 
	Parameter PIO_MEM_ACCESS_WR_WRITE bound to: 3'b100 
INFO: [Synth 8-3536] HDL ADVISOR - Pragma parallel_case detected. Simulation mismatch may occur [D:/Documents/FPGA-Miner/xilinx-study/pci-e/pg054/pcie_ex2-tendomprom/pcie_7x_0_ex/imports/PIO_EP_MEM_ACCESS.v:244]
INFO: [Synth 8-3536] HDL ADVISOR - Pragma full_case detected. Simulation mismatch may occur [D:/Documents/FPGA-Miner/xilinx-study/pci-e/pg054/pcie_ex2-tendomprom/pcie_7x_0_ex/imports/PIO_EP_MEM_ACCESS.v:244]
INFO: [Synth 8-3536] HDL ADVISOR - Pragma parallel_case detected. Simulation mismatch may occur [D:/Documents/FPGA-Miner/xilinx-study/pci-e/pg054/pcie_ex2-tendomprom/pcie_7x_0_ex/imports/PIO_EP_MEM_ACCESS.v:264]
INFO: [Synth 8-3536] HDL ADVISOR - Pragma full_case detected. Simulation mismatch may occur [D:/Documents/FPGA-Miner/xilinx-study/pci-e/pg054/pcie_ex2-tendomprom/pcie_7x_0_ex/imports/PIO_EP_MEM_ACCESS.v:264]
INFO: [Synth 8-6157] synthesizing module 'EP_MEM' [D:/Documents/FPGA-Miner/xilinx-study/pci-e/pg054/pcie_ex2-tendomprom/pcie_7x_0_ex/imports/EP_MEM.v:65]
INFO: [Synth 8-6157] synthesizing module 'RAMB36E1' [C:/Xilinx/Vivado/2018.3/scripts/rt/data/unisim_comp.v:50514]
	Parameter DOA_REG bound to: 1 - type: integer 
	Parameter DOB_REG bound to: 1 - type: integer 
	Parameter EN_ECC_READ bound to: FALSE - type: string 
	Parameter EN_ECC_WRITE bound to: FALSE - type: string 
	Parameter INITP_00 bound to: 256'b0000000000000000000000000000000000000000000000000000000000000000000000000000000000000000000000000000000000000000000000000000000000000000000000000000000000000000000000000000000000000000000000000000000000000000000000000000000000000000000000000000000000000000 
	Parameter INITP_01 bound to: 256'b0000000000000000000000000000000000000000000000000000000000000000000000000000000000000000000000000000000000000000000000000000000000000000000000000000000000000000000000000000000000000000000000000000000000000000000000000000000000000000000000000000000000000000 
	Parameter INITP_02 bound to: 256'b0000000000000000000000000000000000000000000000000000000000000000000000000000000000000000000000000000000000000000000000000000000000000000000000000000000000000000000000000000000000000000000000000000000000000000000000000000000000000000000000000000000000000000 
	Parameter INITP_03 bound to: 256'b0000000000000000000000000000000000000000000000000000000000000000000000000000000000000000000000000000000000000000000000000000000000000000000000000000000000000000000000000000000000000000000000000000000000000000000000000000000000000000000000000000000000000000 
	Parameter INITP_04 bound to: 256'b0000000000000000000000000000000000000000000000000000000000000000000000000000000000000000000000000000000000000000000000000000000000000000000000000000000000000000000000000000000000000000000000000000000000000000000000000000000000000000000000000000000000000000 
	Parameter INITP_05 bound to: 256'b0000000000000000000000000000000000000000000000000000000000000000000000000000000000000000000000000000000000000000000000000000000000000000000000000000000000000000000000000000000000000000000000000000000000000000000000000000000000000000000000000000000000000000 
	Parameter INITP_06 bound to: 256'b0000000000000000000000000000000000000000000000000000000000000000000000000000000000000000000000000000000000000000000000000000000000000000000000000000000000000000000000000000000000000000000000000000000000000000000000000000000000000000000000000000000000000000 
	Parameter INITP_07 bound to: 256'b0000000000000000000000000000000000000000000000000000000000000000000000000000000000000000000000000000000000000000000000000000000000000000000000000000000000000000000000000000000000000000000000000000000000000000000000000000000000000000000000000000000000000000 
	Parameter INITP_08 bound to: 256'b0000000000000000000000000000000000000000000000000000000000000000000000000000000000000000000000000000000000000000000000000000000000000000000000000000000000000000000000000000000000000000000000000000000000000000000000000000000000000000000000000000000000000000 
	Parameter INITP_09 bound to: 256'b0000000000000000000000000000000000000000000000000000000000000000000000000000000000000000000000000000000000000000000000000000000000000000000000000000000000000000000000000000000000000000000000000000000000000000000000000000000000000000000000000000000000000000 
	Parameter INITP_0A bound to: 256'b0000000000000000000000000000000000000000000000000000000000000000000000000000000000000000000000000000000000000000000000000000000000000000000000000000000000000000000000000000000000000000000000000000000000000000000000000000000000000000000000000000000000000000 
	Parameter INITP_0B bound to: 256'b0000000000000000000000000000000000000000000000000000000000000000000000000000000000000000000000000000000000000000000000000000000000000000000000000000000000000000000000000000000000000000000000000000000000000000000000000000000000000000000000000000000000000000 
	Parameter INITP_0C bound to: 256'b0000000000000000000000000000000000000000000000000000000000000000000000000000000000000000000000000000000000000000000000000000000000000000000000000000000000000000000000000000000000000000000000000000000000000000000000000000000000000000000000000000000000000000 
	Parameter INITP_0D bound to: 256'b0000000000000000000000000000000000000000000000000000000000000000000000000000000000000000000000000000000000000000000000000000000000000000000000000000000000000000000000000000000000000000000000000000000000000000000000000000000000000000000000000000000000000000 
	Parameter INITP_0E bound to: 256'b0000000000000000000000000000000000000000000000000000000000000000000000000000000000000000000000000000000000000000000000000000000000000000000000000000000000000000000000000000000000000000000000000000000000000000000000000000000000000000000000000000000000000000 
	Parameter INITP_0F bound to: 256'b0000000000000000000000000000000000000000000000000000000000000000000000000000000000000000000000000000000000000000000000000000000000000000000000000000000000000000000000000000000000000000000000000000000000000000000000000000000000000000000000000000000000000000 
	Parameter INIT_00 bound to: 256'b0000000000000000000000000000000000000000000000000000000000000000000000000000000000000000000000000000000000000000000000000000000000000000000000000000000000000000000000000000000000000000000000000000000000000000000000000000000000000000000000000000000000000000 
	Parameter INIT_01 bound to: 256'b0000000000000000000000000000000000000000000000000000000000000000000000000000000000000000000000000000000000000000000000000000000000000000000000000000000000000000000000000000000000000000000000000000000000000000000000000000000000000000000000000000000000000000 
	Parameter INIT_02 bound to: 256'b0000000000000000000000000000000000000000000000000000000000000000000000000000000000000000000000000000000000000000000000000000000000000000000000000000000000000000000000000000000000000000000000000000000000000000000000000000000000000000000000000000000000000000 
	Parameter INIT_03 bound to: 256'b0000000000000000000000000000000000000000000000000000000000000000000000000000000000000000000000000000000000000000000000000000000000000000000000000000000000000000000000000000000000000000000000000000000000000000000000000000000000000000000000000000000000000000 
	Parameter INIT_04 bound to: 256'b0000000000000000000000000000000000000000000000000000000000000000000000000000000000000000000000000000000000000000000000000000000000000000000000000000000000000000000000000000000000000000000000000000000000000000000000000000000000000000000000000000000000000000 
	Parameter INIT_05 bound to: 256'b0000000000000000000000000000000000000000000000000000000000000000000000000000000000000000000000000000000000000000000000000000000000000000000000000000000000000000000000000000000000000000000000000000000000000000000000000000000000000000000000000000000000000000 
	Parameter INIT_06 bound to: 256'b0000000000000000000000000000000000000000000000000000000000000000000000000000000000000000000000000000000000000000000000000000000000000000000000000000000000000000000000000000000000000000000000000000000000000000000000000000000000000000000000000000000000000000 
	Parameter INIT_07 bound to: 256'b0000000000000000000000000000000000000000000000000000000000000000000000000000000000000000000000000000000000000000000000000000000000000000000000000000000000000000000000000000000000000000000000000000000000000000000000000000000000000000000000000000000000000000 
	Parameter INIT_08 bound to: 256'b0000000000000000000000000000000000000000000000000000000000000000000000000000000000000000000000000000000000000000000000000000000000000000000000000000000000000000000000000000000000000000000000000000000000000000000000000000000000000000000000000000000000000000 
	Parameter INIT_09 bound to: 256'b0000000000000000000000000000000000000000000000000000000000000000000000000000000000000000000000000000000000000000000000000000000000000000000000000000000000000000000000000000000000000000000000000000000000000000000000000000000000000000000000000000000000000000 
	Parameter INIT_0A bound to: 256'b0000000000000000000000000000000000000000000000000000000000000000000000000000000000000000000000000000000000000000000000000000000000000000000000000000000000000000000000000000000000000000000000000000000000000000000000000000000000000000000000000000000000000000 
	Parameter INIT_0B bound to: 256'b0000000000000000000000000000000000000000000000000000000000000000000000000000000000000000000000000000000000000000000000000000000000000000000000000000000000000000000000000000000000000000000000000000000000000000000000000000000000000000000000000000000000000000 
	Parameter INIT_0C bound to: 256'b0000000000000000000000000000000000000000000000000000000000000000000000000000000000000000000000000000000000000000000000000000000000000000000000000000000000000000000000000000000000000000000000000000000000000000000000000000000000000000000000000000000000000000 
	Parameter INIT_0D bound to: 256'b0000000000000000000000000000000000000000000000000000000000000000000000000000000000000000000000000000000000000000000000000000000000000000000000000000000000000000000000000000000000000000000000000000000000000000000000000000000000000000000000000000000000000000 
	Parameter INIT_0E bound to: 256'b0000000000000000000000000000000000000000000000000000000000000000000000000000000000000000000000000000000000000000000000000000000000000000000000000000000000000000000000000000000000000000000000000000000000000000000000000000000000000000000000000000000000000000 
	Parameter INIT_0F bound to: 256'b0000000000000000000000000000000000000000000000000000000000000000000000000000000000000000000000000000000000000000000000000000000000000000000000000000000000000000000000000000000000000000000000000000000000000000000000000000000000000000000000000000000000000000 
	Parameter INIT_10 bound to: 256'b0000000000000000000000000000000000000000000000000000000000000000000000000000000000000000000000000000000000000000000000000000000000000000000000000000000000000000000000000000000000000000000000000000000000000000000000000000000000000000000000000000000000000000 
	Parameter INIT_11 bound to: 256'b0000000000000000000000000000000000000000000000000000000000000000000000000000000000000000000000000000000000000000000000000000000000000000000000000000000000000000000000000000000000000000000000000000000000000000000000000000000000000000000000000000000000000000 
	Parameter INIT_12 bound to: 256'b0000000000000000000000000000000000000000000000000000000000000000000000000000000000000000000000000000000000000000000000000000000000000000000000000000000000000000000000000000000000000000000000000000000000000000000000000000000000000000000000000000000000000000 
	Parameter INIT_13 bound to: 256'b0000000000000000000000000000000000000000000000000000000000000000000000000000000000000000000000000000000000000000000000000000000000000000000000000000000000000000000000000000000000000000000000000000000000000000000000000000000000000000000000000000000000000000 
	Parameter INIT_14 bound to: 256'b0000000000000000000000000000000000000000000000000000000000000000000000000000000000000000000000000000000000000000000000000000000000000000000000000000000000000000000000000000000000000000000000000000000000000000000000000000000000000000000000000000000000000000 
	Parameter INIT_15 bound to: 256'b0000000000000000000000000000000000000000000000000000000000000000000000000000000000000000000000000000000000000000000000000000000000000000000000000000000000000000000000000000000000000000000000000000000000000000000000000000000000000000000000000000000000000000 
	Parameter INIT_16 bound to: 256'b0000000000000000000000000000000000000000000000000000000000000000000000000000000000000000000000000000000000000000000000000000000000000000000000000000000000000000000000000000000000000000000000000000000000000000000000000000000000000000000000000000000000000000 
	Parameter INIT_17 bound to: 256'b0000000000000000000000000000000000000000000000000000000000000000000000000000000000000000000000000000000000000000000000000000000000000000000000000000000000000000000000000000000000000000000000000000000000000000000000000000000000000000000000000000000000000000 
	Parameter INIT_18 bound to: 256'b0000000000000000000000000000000000000000000000000000000000000000000000000000000000000000000000000000000000000000000000000000000000000000000000000000000000000000000000000000000000000000000000000000000000000000000000000000000000000000000000000000000000000000 
	Parameter INIT_19 bound to: 256'b0000000000000000000000000000000000000000000000000000000000000000000000000000000000000000000000000000000000000000000000000000000000000000000000000000000000000000000000000000000000000000000000000000000000000000000000000000000000000000000000000000000000000000 
	Parameter INIT_1A bound to: 256'b0000000000000000000000000000000000000000000000000000000000000000000000000000000000000000000000000000000000000000000000000000000000000000000000000000000000000000000000000000000000000000000000000000000000000000000000000000000000000000000000000000000000000000 
	Parameter INIT_1B bound to: 256'b0000000000000000000000000000000000000000000000000000000000000000000000000000000000000000000000000000000000000000000000000000000000000000000000000000000000000000000000000000000000000000000000000000000000000000000000000000000000000000000000000000000000000000 
	Parameter INIT_1C bound to: 256'b0000000000000000000000000000000000000000000000000000000000000000000000000000000000000000000000000000000000000000000000000000000000000000000000000000000000000000000000000000000000000000000000000000000000000000000000000000000000000000000000000000000000000000 
	Parameter INIT_1D bound to: 256'b0000000000000000000000000000000000000000000000000000000000000000000000000000000000000000000000000000000000000000000000000000000000000000000000000000000000000000000000000000000000000000000000000000000000000000000000000000000000000000000000000000000000000000 
	Parameter INIT_1E bound to: 256'b0000000000000000000000000000000000000000000000000000000000000000000000000000000000000000000000000000000000000000000000000000000000000000000000000000000000000000000000000000000000000000000000000000000000000000000000000000000000000000000000000000000000000000 
	Parameter INIT_1F bound to: 256'b0000000000000000000000000000000000000000000000000000000000000000000000000000000000000000000000000000000000000000000000000000000000000000000000000000000000000000000000000000000000000000000000000000000000000000000000000000000000000000000000000000000000000000 
	Parameter INIT_20 bound to: 256'b0000000000000000000000000000000000000000000000000000000000000000000000000000000000000000000000000000000000000000000000000000000000000000000000000000000000000000000000000000000000000000000000000000000000000000000000000000000000000000000000000000000000000000 
	Parameter INIT_21 bound to: 256'b0000000000000000000000000000000000000000000000000000000000000000000000000000000000000000000000000000000000000000000000000000000000000000000000000000000000000000000000000000000000000000000000000000000000000000000000000000000000000000000000000000000000000000 
	Parameter INIT_22 bound to: 256'b0000000000000000000000000000000000000000000000000000000000000000000000000000000000000000000000000000000000000000000000000000000000000000000000000000000000000000000000000000000000000000000000000000000000000000000000000000000000000000000000000000000000000000 
	Parameter INIT_23 bound to: 256'b0000000000000000000000000000000000000000000000000000000000000000000000000000000000000000000000000000000000000000000000000000000000000000000000000000000000000000000000000000000000000000000000000000000000000000000000000000000000000000000000000000000000000000 
	Parameter INIT_24 bound to: 256'b0000000000000000000000000000000000000000000000000000000000000000000000000000000000000000000000000000000000000000000000000000000000000000000000000000000000000000000000000000000000000000000000000000000000000000000000000000000000000000000000000000000000000000 
	Parameter INIT_25 bound to: 256'b0000000000000000000000000000000000000000000000000000000000000000000000000000000000000000000000000000000000000000000000000000000000000000000000000000000000000000000000000000000000000000000000000000000000000000000000000000000000000000000000000000000000000000 
	Parameter INIT_26 bound to: 256'b0000000000000000000000000000000000000000000000000000000000000000000000000000000000000000000000000000000000000000000000000000000000000000000000000000000000000000000000000000000000000000000000000000000000000000000000000000000000000000000000000000000000000000 
	Parameter INIT_27 bound to: 256'b0000000000000000000000000000000000000000000000000000000000000000000000000000000000000000000000000000000000000000000000000000000000000000000000000000000000000000000000000000000000000000000000000000000000000000000000000000000000000000000000000000000000000000 
	Parameter INIT_28 bound to: 256'b0000000000000000000000000000000000000000000000000000000000000000000000000000000000000000000000000000000000000000000000000000000000000000000000000000000000000000000000000000000000000000000000000000000000000000000000000000000000000000000000000000000000000000 
	Parameter INIT_29 bound to: 256'b0000000000000000000000000000000000000000000000000000000000000000000000000000000000000000000000000000000000000000000000000000000000000000000000000000000000000000000000000000000000000000000000000000000000000000000000000000000000000000000000000000000000000000 
	Parameter INIT_2A bound to: 256'b0000000000000000000000000000000000000000000000000000000000000000000000000000000000000000000000000000000000000000000000000000000000000000000000000000000000000000000000000000000000000000000000000000000000000000000000000000000000000000000000000000000000000000 
	Parameter INIT_2B bound to: 256'b0000000000000000000000000000000000000000000000000000000000000000000000000000000000000000000000000000000000000000000000000000000000000000000000000000000000000000000000000000000000000000000000000000000000000000000000000000000000000000000000000000000000000000 
	Parameter INIT_2C bound to: 256'b0000000000000000000000000000000000000000000000000000000000000000000000000000000000000000000000000000000000000000000000000000000000000000000000000000000000000000000000000000000000000000000000000000000000000000000000000000000000000000000000000000000000000000 
	Parameter INIT_2D bound to: 256'b0000000000000000000000000000000000000000000000000000000000000000000000000000000000000000000000000000000000000000000000000000000000000000000000000000000000000000000000000000000000000000000000000000000000000000000000000000000000000000000000000000000000000000 
	Parameter INIT_2E bound to: 256'b0000000000000000000000000000000000000000000000000000000000000000000000000000000000000000000000000000000000000000000000000000000000000000000000000000000000000000000000000000000000000000000000000000000000000000000000000000000000000000000000000000000000000000 
	Parameter INIT_2F bound to: 256'b0000000000000000000000000000000000000000000000000000000000000000000000000000000000000000000000000000000000000000000000000000000000000000000000000000000000000000000000000000000000000000000000000000000000000000000000000000000000000000000000000000000000000000 
	Parameter INIT_30 bound to: 256'b0000000000000000000000000000000000000000000000000000000000000000000000000000000000000000000000000000000000000000000000000000000000000000000000000000000000000000000000000000000000000000000000000000000000000000000000000000000000000000000000000000000000000000 
	Parameter INIT_31 bound to: 256'b0000000000000000000000000000000000000000000000000000000000000000000000000000000000000000000000000000000000000000000000000000000000000000000000000000000000000000000000000000000000000000000000000000000000000000000000000000000000000000000000000000000000000000 
	Parameter INIT_32 bound to: 256'b0000000000000000000000000000000000000000000000000000000000000000000000000000000000000000000000000000000000000000000000000000000000000000000000000000000000000000000000000000000000000000000000000000000000000000000000000000000000000000000000000000000000000000 
	Parameter INIT_33 bound to: 256'b0000000000000000000000000000000000000000000000000000000000000000000000000000000000000000000000000000000000000000000000000000000000000000000000000000000000000000000000000000000000000000000000000000000000000000000000000000000000000000000000000000000000000000 
	Parameter INIT_34 bound to: 256'b0000000000000000000000000000000000000000000000000000000000000000000000000000000000000000000000000000000000000000000000000000000000000000000000000000000000000000000000000000000000000000000000000000000000000000000000000000000000000000000000000000000000000000 
	Parameter INIT_35 bound to: 256'b0000000000000000000000000000000000000000000000000000000000000000000000000000000000000000000000000000000000000000000000000000000000000000000000000000000000000000000000000000000000000000000000000000000000000000000000000000000000000000000000000000000000000000 
	Parameter INIT_36 bound to: 256'b0000000000000000000000000000000000000000000000000000000000000000000000000000000000000000000000000000000000000000000000000000000000000000000000000000000000000000000000000000000000000000000000000000000000000000000000000000000000000000000000000000000000000000 
	Parameter INIT_37 bound to: 256'b0000000000000000000000000000000000000000000000000000000000000000000000000000000000000000000000000000000000000000000000000000000000000000000000000000000000000000000000000000000000000000000000000000000000000000000000000000000000000000000000000000000000000000 
	Parameter INIT_38 bound to: 256'b0000000000000000000000000000000000000000000000000000000000000000000000000000000000000000000000000000000000000000000000000000000000000000000000000000000000000000000000000000000000000000000000000000000000000000000000000000000000000000000000000000000000000000 
	Parameter INIT_39 bound to: 256'b0000000000000000000000000000000000000000000000000000000000000000000000000000000000000000000000000000000000000000000000000000000000000000000000000000000000000000000000000000000000000000000000000000000000000000000000000000000000000000000000000000000000000000 
	Parameter INIT_3A bound to: 256'b0000000000000000000000000000000000000000000000000000000000000000000000000000000000000000000000000000000000000000000000000000000000000000000000000000000000000000000000000000000000000000000000000000000000000000000000000000000000000000000000000000000000000000 
	Parameter INIT_3B bound to: 256'b0000000000000000000000000000000000000000000000000000000000000000000000000000000000000000000000000000000000000000000000000000000000000000000000000000000000000000000000000000000000000000000000000000000000000000000000000000000000000000000000000000000000000000 
	Parameter INIT_3C bound to: 256'b0000000000000000000000000000000000000000000000000000000000000000000000000000000000000000000000000000000000000000000000000000000000000000000000000000000000000000000000000000000000000000000000000000000000000000000000000000000000000000000000000000000000000000 
	Parameter INIT_3D bound to: 256'b0000000000000000000000000000000000000000000000000000000000000000000000000000000000000000000000000000000000000000000000000000000000000000000000000000000000000000000000000000000000000000000000000000000000000000000000000000000000000000000000000000000000000000 
	Parameter INIT_3E bound to: 256'b0000000000000000000000000000000000000000000000000000000000000000000000000000000000000000000000000000000000000000000000000000000000000000000000000000000000000000000000000000000000000000000000000000000000000000000000000000000000000000000000000000000000000000 
	Parameter INIT_3F bound to: 256'b0000000000000000000000000000000000000000000000000000000000000000000000000000000000000000000000000000000000000000000000000000000000000000000000000000000000000000000000000000000000000000000000000000000000000000000000000000000000000000000000000000000000000000 
	Parameter INIT_40 bound to: 256'b0000000000000000000000000000000000000000000000000000000000000000000000000000000000000000000000000000000000000000000000000000000000000000000000000000000000000000000000000000000000000000000000000000000000000000000000000000000000000000000000000000000000000000 
	Parameter INIT_41 bound to: 256'b0000000000000000000000000000000000000000000000000000000000000000000000000000000000000000000000000000000000000000000000000000000000000000000000000000000000000000000000000000000000000000000000000000000000000000000000000000000000000000000000000000000000000000 
	Parameter INIT_42 bound to: 256'b0000000000000000000000000000000000000000000000000000000000000000000000000000000000000000000000000000000000000000000000000000000000000000000000000000000000000000000000000000000000000000000000000000000000000000000000000000000000000000000000000000000000000000 
	Parameter INIT_43 bound to: 256'b0000000000000000000000000000000000000000000000000000000000000000000000000000000000000000000000000000000000000000000000000000000000000000000000000000000000000000000000000000000000000000000000000000000000000000000000000000000000000000000000000000000000000000 
	Parameter INIT_44 bound to: 256'b0000000000000000000000000000000000000000000000000000000000000000000000000000000000000000000000000000000000000000000000000000000000000000000000000000000000000000000000000000000000000000000000000000000000000000000000000000000000000000000000000000000000000000 
	Parameter INIT_45 bound to: 256'b0000000000000000000000000000000000000000000000000000000000000000000000000000000000000000000000000000000000000000000000000000000000000000000000000000000000000000000000000000000000000000000000000000000000000000000000000000000000000000000000000000000000000000 
	Parameter INIT_46 bound to: 256'b0000000000000000000000000000000000000000000000000000000000000000000000000000000000000000000000000000000000000000000000000000000000000000000000000000000000000000000000000000000000000000000000000000000000000000000000000000000000000000000000000000000000000000 
	Parameter INIT_47 bound to: 256'b0000000000000000000000000000000000000000000000000000000000000000000000000000000000000000000000000000000000000000000000000000000000000000000000000000000000000000000000000000000000000000000000000000000000000000000000000000000000000000000000000000000000000000 
	Parameter INIT_48 bound to: 256'b0000000000000000000000000000000000000000000000000000000000000000000000000000000000000000000000000000000000000000000000000000000000000000000000000000000000000000000000000000000000000000000000000000000000000000000000000000000000000000000000000000000000000000 
	Parameter INIT_49 bound to: 256'b0000000000000000000000000000000000000000000000000000000000000000000000000000000000000000000000000000000000000000000000000000000000000000000000000000000000000000000000000000000000000000000000000000000000000000000000000000000000000000000000000000000000000000 
	Parameter INIT_4A bound to: 256'b0000000000000000000000000000000000000000000000000000000000000000000000000000000000000000000000000000000000000000000000000000000000000000000000000000000000000000000000000000000000000000000000000000000000000000000000000000000000000000000000000000000000000000 
	Parameter INIT_4B bound to: 256'b0000000000000000000000000000000000000000000000000000000000000000000000000000000000000000000000000000000000000000000000000000000000000000000000000000000000000000000000000000000000000000000000000000000000000000000000000000000000000000000000000000000000000000 
	Parameter INIT_4C bound to: 256'b0000000000000000000000000000000000000000000000000000000000000000000000000000000000000000000000000000000000000000000000000000000000000000000000000000000000000000000000000000000000000000000000000000000000000000000000000000000000000000000000000000000000000000 
	Parameter INIT_4D bound to: 256'b0000000000000000000000000000000000000000000000000000000000000000000000000000000000000000000000000000000000000000000000000000000000000000000000000000000000000000000000000000000000000000000000000000000000000000000000000000000000000000000000000000000000000000 
	Parameter INIT_4E bound to: 256'b0000000000000000000000000000000000000000000000000000000000000000000000000000000000000000000000000000000000000000000000000000000000000000000000000000000000000000000000000000000000000000000000000000000000000000000000000000000000000000000000000000000000000000 
	Parameter INIT_4F bound to: 256'b0000000000000000000000000000000000000000000000000000000000000000000000000000000000000000000000000000000000000000000000000000000000000000000000000000000000000000000000000000000000000000000000000000000000000000000000000000000000000000000000000000000000000000 
	Parameter INIT_50 bound to: 256'b0000000000000000000000000000000000000000000000000000000000000000000000000000000000000000000000000000000000000000000000000000000000000000000000000000000000000000000000000000000000000000000000000000000000000000000000000000000000000000000000000000000000000000 
	Parameter INIT_51 bound to: 256'b0000000000000000000000000000000000000000000000000000000000000000000000000000000000000000000000000000000000000000000000000000000000000000000000000000000000000000000000000000000000000000000000000000000000000000000000000000000000000000000000000000000000000000 
	Parameter INIT_52 bound to: 256'b0000000000000000000000000000000000000000000000000000000000000000000000000000000000000000000000000000000000000000000000000000000000000000000000000000000000000000000000000000000000000000000000000000000000000000000000000000000000000000000000000000000000000000 
	Parameter INIT_53 bound to: 256'b0000000000000000000000000000000000000000000000000000000000000000000000000000000000000000000000000000000000000000000000000000000000000000000000000000000000000000000000000000000000000000000000000000000000000000000000000000000000000000000000000000000000000000 
	Parameter INIT_54 bound to: 256'b0000000000000000000000000000000000000000000000000000000000000000000000000000000000000000000000000000000000000000000000000000000000000000000000000000000000000000000000000000000000000000000000000000000000000000000000000000000000000000000000000000000000000000 
	Parameter INIT_55 bound to: 256'b0000000000000000000000000000000000000000000000000000000000000000000000000000000000000000000000000000000000000000000000000000000000000000000000000000000000000000000000000000000000000000000000000000000000000000000000000000000000000000000000000000000000000000 
	Parameter INIT_56 bound to: 256'b0000000000000000000000000000000000000000000000000000000000000000000000000000000000000000000000000000000000000000000000000000000000000000000000000000000000000000000000000000000000000000000000000000000000000000000000000000000000000000000000000000000000000000 
	Parameter INIT_57 bound to: 256'b0000000000000000000000000000000000000000000000000000000000000000000000000000000000000000000000000000000000000000000000000000000000000000000000000000000000000000000000000000000000000000000000000000000000000000000000000000000000000000000000000000000000000000 
	Parameter INIT_58 bound to: 256'b0000000000000000000000000000000000000000000000000000000000000000000000000000000000000000000000000000000000000000000000000000000000000000000000000000000000000000000000000000000000000000000000000000000000000000000000000000000000000000000000000000000000000000 
	Parameter INIT_59 bound to: 256'b0000000000000000000000000000000000000000000000000000000000000000000000000000000000000000000000000000000000000000000000000000000000000000000000000000000000000000000000000000000000000000000000000000000000000000000000000000000000000000000000000000000000000000 
	Parameter INIT_5A bound to: 256'b0000000000000000000000000000000000000000000000000000000000000000000000000000000000000000000000000000000000000000000000000000000000000000000000000000000000000000000000000000000000000000000000000000000000000000000000000000000000000000000000000000000000000000 
	Parameter INIT_5B bound to: 256'b0000000000000000000000000000000000000000000000000000000000000000000000000000000000000000000000000000000000000000000000000000000000000000000000000000000000000000000000000000000000000000000000000000000000000000000000000000000000000000000000000000000000000000 
	Parameter INIT_5C bound to: 256'b0000000000000000000000000000000000000000000000000000000000000000000000000000000000000000000000000000000000000000000000000000000000000000000000000000000000000000000000000000000000000000000000000000000000000000000000000000000000000000000000000000000000000000 
	Parameter INIT_5D bound to: 256'b0000000000000000000000000000000000000000000000000000000000000000000000000000000000000000000000000000000000000000000000000000000000000000000000000000000000000000000000000000000000000000000000000000000000000000000000000000000000000000000000000000000000000000 
	Parameter INIT_5E bound to: 256'b0000000000000000000000000000000000000000000000000000000000000000000000000000000000000000000000000000000000000000000000000000000000000000000000000000000000000000000000000000000000000000000000000000000000000000000000000000000000000000000000000000000000000000 
	Parameter INIT_5F bound to: 256'b0000000000000000000000000000000000000000000000000000000000000000000000000000000000000000000000000000000000000000000000000000000000000000000000000000000000000000000000000000000000000000000000000000000000000000000000000000000000000000000000000000000000000000 
	Parameter INIT_60 bound to: 256'b0000000000000000000000000000000000000000000000000000000000000000000000000000000000000000000000000000000000000000000000000000000000000000000000000000000000000000000000000000000000000000000000000000000000000000000000000000000000000000000000000000000000000000 
	Parameter INIT_61 bound to: 256'b0000000000000000000000000000000000000000000000000000000000000000000000000000000000000000000000000000000000000000000000000000000000000000000000000000000000000000000000000000000000000000000000000000000000000000000000000000000000000000000000000000000000000000 
	Parameter INIT_62 bound to: 256'b0000000000000000000000000000000000000000000000000000000000000000000000000000000000000000000000000000000000000000000000000000000000000000000000000000000000000000000000000000000000000000000000000000000000000000000000000000000000000000000000000000000000000000 
	Parameter INIT_63 bound to: 256'b0000000000000000000000000000000000000000000000000000000000000000000000000000000000000000000000000000000000000000000000000000000000000000000000000000000000000000000000000000000000000000000000000000000000000000000000000000000000000000000000000000000000000000 
	Parameter INIT_64 bound to: 256'b0000000000000000000000000000000000000000000000000000000000000000000000000000000000000000000000000000000000000000000000000000000000000000000000000000000000000000000000000000000000000000000000000000000000000000000000000000000000000000000000000000000000000000 
	Parameter INIT_65 bound to: 256'b0000000000000000000000000000000000000000000000000000000000000000000000000000000000000000000000000000000000000000000000000000000000000000000000000000000000000000000000000000000000000000000000000000000000000000000000000000000000000000000000000000000000000000 
	Parameter INIT_66 bound to: 256'b0000000000000000000000000000000000000000000000000000000000000000000000000000000000000000000000000000000000000000000000000000000000000000000000000000000000000000000000000000000000000000000000000000000000000000000000000000000000000000000000000000000000000000 
	Parameter INIT_67 bound to: 256'b0000000000000000000000000000000000000000000000000000000000000000000000000000000000000000000000000000000000000000000000000000000000000000000000000000000000000000000000000000000000000000000000000000000000000000000000000000000000000000000000000000000000000000 
	Parameter INIT_68 bound to: 256'b0000000000000000000000000000000000000000000000000000000000000000000000000000000000000000000000000000000000000000000000000000000000000000000000000000000000000000000000000000000000000000000000000000000000000000000000000000000000000000000000000000000000000000 
	Parameter INIT_69 bound to: 256'b0000000000000000000000000000000000000000000000000000000000000000000000000000000000000000000000000000000000000000000000000000000000000000000000000000000000000000000000000000000000000000000000000000000000000000000000000000000000000000000000000000000000000000 
	Parameter INIT_6A bound to: 256'b0000000000000000000000000000000000000000000000000000000000000000000000000000000000000000000000000000000000000000000000000000000000000000000000000000000000000000000000000000000000000000000000000000000000000000000000000000000000000000000000000000000000000000 
	Parameter INIT_6B bound to: 256'b0000000000000000000000000000000000000000000000000000000000000000000000000000000000000000000000000000000000000000000000000000000000000000000000000000000000000000000000000000000000000000000000000000000000000000000000000000000000000000000000000000000000000000 
	Parameter INIT_6C bound to: 256'b0000000000000000000000000000000000000000000000000000000000000000000000000000000000000000000000000000000000000000000000000000000000000000000000000000000000000000000000000000000000000000000000000000000000000000000000000000000000000000000000000000000000000000 
	Parameter INIT_6D bound to: 256'b0000000000000000000000000000000000000000000000000000000000000000000000000000000000000000000000000000000000000000000000000000000000000000000000000000000000000000000000000000000000000000000000000000000000000000000000000000000000000000000000000000000000000000 
	Parameter INIT_6E bound to: 256'b0000000000000000000000000000000000000000000000000000000000000000000000000000000000000000000000000000000000000000000000000000000000000000000000000000000000000000000000000000000000000000000000000000000000000000000000000000000000000000000000000000000000000000 
	Parameter INIT_6F bound to: 256'b0000000000000000000000000000000000000000000000000000000000000000000000000000000000000000000000000000000000000000000000000000000000000000000000000000000000000000000000000000000000000000000000000000000000000000000000000000000000000000000000000000000000000000 
	Parameter INIT_70 bound to: 256'b0000000000000000000000000000000000000000000000000000000000000000000000000000000000000000000000000000000000000000000000000000000000000000000000000000000000000000000000000000000000000000000000000000000000000000000000000000000000000000000000000000000000000000 
	Parameter INIT_71 bound to: 256'b0000000000000000000000000000000000000000000000000000000000000000000000000000000000000000000000000000000000000000000000000000000000000000000000000000000000000000000000000000000000000000000000000000000000000000000000000000000000000000000000000000000000000000 
	Parameter INIT_72 bound to: 256'b0000000000000000000000000000000000000000000000000000000000000000000000000000000000000000000000000000000000000000000000000000000000000000000000000000000000000000000000000000000000000000000000000000000000000000000000000000000000000000000000000000000000000000 
	Parameter INIT_73 bound to: 256'b0000000000000000000000000000000000000000000000000000000000000000000000000000000000000000000000000000000000000000000000000000000000000000000000000000000000000000000000000000000000000000000000000000000000000000000000000000000000000000000000000000000000000000 
	Parameter INIT_74 bound to: 256'b0000000000000000000000000000000000000000000000000000000000000000000000000000000000000000000000000000000000000000000000000000000000000000000000000000000000000000000000000000000000000000000000000000000000000000000000000000000000000000000000000000000000000000 
	Parameter INIT_75 bound to: 256'b0000000000000000000000000000000000000000000000000000000000000000000000000000000000000000000000000000000000000000000000000000000000000000000000000000000000000000000000000000000000000000000000000000000000000000000000000000000000000000000000000000000000000000 
	Parameter INIT_76 bound to: 256'b0000000000000000000000000000000000000000000000000000000000000000000000000000000000000000000000000000000000000000000000000000000000000000000000000000000000000000000000000000000000000000000000000000000000000000000000000000000000000000000000000000000000000000 
	Parameter INIT_77 bound to: 256'b0000000000000000000000000000000000000000000000000000000000000000000000000000000000000000000000000000000000000000000000000000000000000000000000000000000000000000000000000000000000000000000000000000000000000000000000000000000000000000000000000000000000000000 
	Parameter INIT_78 bound to: 256'b0000000000000000000000000000000000000000000000000000000000000000000000000000000000000000000000000000000000000000000000000000000000000000000000000000000000000000000000000000000000000000000000000000000000000000000000000000000000000000000000000000000000000000 
	Parameter INIT_79 bound to: 256'b0000000000000000000000000000000000000000000000000000000000000000000000000000000000000000000000000000000000000000000000000000000000000000000000000000000000000000000000000000000000000000000000000000000000000000000000000000000000000000000000000000000000000000 
	Parameter INIT_7A bound to: 256'b0000000000000000000000000000000000000000000000000000000000000000000000000000000000000000000000000000000000000000000000000000000000000000000000000000000000000000000000000000000000000000000000000000000000000000000000000000000000000000000000000000000000000000 
	Parameter INIT_7B bound to: 256'b0000000000000000000000000000000000000000000000000000000000000000000000000000000000000000000000000000000000000000000000000000000000000000000000000000000000000000000000000000000000000000000000000000000000000000000000000000000000000000000000000000000000000000 
	Parameter INIT_7C bound to: 256'b0000000000000000000000000000000000000000000000000000000000000000000000000000000000000000000000000000000000000000000000000000000000000000000000000000000000000000000000000000000000000000000000000000000000000000000000000000000000000000000000000000000000000000 
	Parameter INIT_7D bound to: 256'b0000000000000000000000000000000000000000000000000000000000000000000000000000000000000000000000000000000000000000000000000000000000000000000000000000000000000000000000000000000000000000000000000000000000000000000000000000000000000000000000000000000000000000 
	Parameter INIT_7E bound to: 256'b0000000000000000000000000000000000000000000000000000000000000000000000000000000000000000000000000000000000000000000000000000000000000000000000000000000000000000000000000000000000000000000000000000000000000000000000000000000000000000000000000000000000000000 
	Parameter INIT_7F bound to: 256'b0000000000000000000000000000000000000000000000000000000000000000000000000000000000000000000000000000000000000000000000000000000000000000000000000000000000000000000000000000000000000000000000000000000000000000000000000000000000000000000000000000000000000000 
	Parameter INIT_A bound to: 36'b000000000000000000000000000000000000 
	Parameter INIT_B bound to: 36'b000000000000000000000000000000000000 
	Parameter INIT_FILE bound to: NONE - type: string 
	Parameter IS_CLKARDCLK_INVERTED bound to: 1'b0 
	Parameter IS_CLKBWRCLK_INVERTED bound to: 1'b0 
	Parameter IS_ENARDEN_INVERTED bound to: 1'b0 
	Parameter IS_ENBWREN_INVERTED bound to: 1'b0 
	Parameter IS_RSTRAMARSTRAM_INVERTED bound to: 1'b0 
	Parameter IS_RSTRAMB_INVERTED bound to: 1'b0 
	Parameter IS_RSTREGARSTREG_INVERTED bound to: 1'b0 
	Parameter IS_RSTREGB_INVERTED bound to: 1'b0 
	Parameter RAM_EXTENSION_A bound to: NONE - type: string 
	Parameter RAM_EXTENSION_B bound to: NONE - type: string 
	Parameter RAM_MODE bound to: TDP - type: string 
	Parameter RDADDR_COLLISION_HWCONFIG bound to: DELAYED_WRITE - type: string 
	Parameter READ_WIDTH_A bound to: 36 - type: integer 
	Parameter READ_WIDTH_B bound to: 36 - type: integer 
	Parameter RSTREG_PRIORITY_A bound to: REGCE - type: string 
	Parameter RSTREG_PRIORITY_B bound to: REGCE - type: string 
	Parameter SIM_COLLISION_CHECK bound to: ALL - type: string 
	Parameter SIM_DEVICE bound to: 7SERIES - type: string 
	Parameter SRVAL_A bound to: 36'b000000000000000000000000000000000000 
	Parameter SRVAL_B bound to: 36'b000000000000000000000000000000000000 
	Parameter WRITE_MODE_A bound to: WRITE_FIRST - type: string 
	Parameter WRITE_MODE_B bound to: WRITE_FIRST - type: string 
	Parameter WRITE_WIDTH_A bound to: 36 - type: integer 
	Parameter WRITE_WIDTH_B bound to: 36 - type: integer 
INFO: [Synth 8-6155] done synthesizing module 'RAMB36E1' (9#1) [C:/Xilinx/Vivado/2018.3/scripts/rt/data/unisim_comp.v:50514]
INFO: [Synth 8-6155] done synthesizing module 'EP_MEM' (10#1) [D:/Documents/FPGA-Miner/xilinx-study/pci-e/pg054/pcie_ex2-tendomprom/pcie_7x_0_ex/imports/EP_MEM.v:65]
INFO: [Synth 8-6155] done synthesizing module 'PIO_EP_MEM_ACCESS' (11#1) [D:/Documents/FPGA-Miner/xilinx-study/pci-e/pg054/pcie_ex2-tendomprom/pcie_7x_0_ex/imports/PIO_EP_MEM_ACCESS.v:69]
INFO: [Synth 8-6157] synthesizing module 'PIO_RX_ENGINE' [D:/Documents/FPGA-Miner/xilinx-study/pci-e/pg054/pcie_ex2-tendomprom/pcie_7x_0_ex/imports/PIO_RX_ENGINE.v:62]
	Parameter TCQ bound to: 1 - type: integer 
	Parameter C_DATA_WIDTH bound to: 64 - type: integer 
	Parameter KEEP_WIDTH bound to: 8 - type: integer 
	Parameter PIO_RX_MEM_RD32_FMT_TYPE bound to: 7'b0000000 
	Parameter PIO_RX_MEM_WR32_FMT_TYPE bound to: 7'b1000000 
	Parameter PIO_RX_MEM_RD64_FMT_TYPE bound to: 7'b0100000 
	Parameter PIO_RX_MEM_WR64_FMT_TYPE bound to: 7'b1100000 
	Parameter PIO_RX_IO_RD32_FMT_TYPE bound to: 7'b0000010 
	Parameter PIO_RX_IO_WR32_FMT_TYPE bound to: 7'b1000010 
	Parameter PIO_RX_RST_STATE bound to: 8'b00000000 
	Parameter PIO_RX_MEM_RD32_DW1DW2 bound to: 8'b00000001 
	Parameter PIO_RX_MEM_WR32_DW1DW2 bound to: 8'b00000010 
	Parameter PIO_RX_MEM_RD64_DW1DW2 bound to: 8'b00000100 
	Parameter PIO_RX_MEM_WR64_DW1DW2 bound to: 8'b00001000 
	Parameter PIO_RX_MEM_WR64_DW3 bound to: 8'b00010000 
	Parameter PIO_RX_WAIT_STATE bound to: 8'b00100000 
	Parameter PIO_RX_IO_WR_DW1DW2 bound to: 8'b01000000 
	Parameter PIO_RX_IO_MEM_WR_WAIT_STATE bound to: 8'b10000000 
INFO: [Synth 8-6155] done synthesizing module 'PIO_RX_ENGINE' (12#1) [D:/Documents/FPGA-Miner/xilinx-study/pci-e/pg054/pcie_ex2-tendomprom/pcie_7x_0_ex/imports/PIO_RX_ENGINE.v:62]
INFO: [Synth 8-6157] synthesizing module 'PIO_TX_ENGINE' [D:/Documents/FPGA-Miner/xilinx-study/pci-e/pg054/pcie_ex2-tendomprom/pcie_7x_0_ex/imports/PIO_TX_ENGINE.v:57]
	Parameter C_DATA_WIDTH bound to: 64 - type: integer 
	Parameter TCQ bound to: 1 - type: integer 
	Parameter KEEP_WIDTH bound to: 8 - type: integer 
	Parameter PIO_CPLD_FMT_TYPE bound to: 7'b1001010 
	Parameter PIO_CPL_FMT_TYPE bound to: 7'b0001010 
	Parameter PIO_TX_RST_STATE bound to: 2'b00 
	Parameter PIO_TX_CPLD_QW1_FIRST bound to: 2'b01 
	Parameter PIO_TX_CPLD_QW1_TEMP bound to: 2'b10 
	Parameter PIO_TX_CPLD_QW1 bound to: 2'b11 
INFO: [Synth 8-226] default block is never used [D:/Documents/FPGA-Miner/xilinx-study/pci-e/pg054/pcie_ex2-tendomprom/pcie_7x_0_ex/imports/PIO_TX_ENGINE.v:204]
INFO: [Synth 8-6155] done synthesizing module 'PIO_TX_ENGINE' (13#1) [D:/Documents/FPGA-Miner/xilinx-study/pci-e/pg054/pcie_ex2-tendomprom/pcie_7x_0_ex/imports/PIO_TX_ENGINE.v:57]
INFO: [Synth 8-6155] done synthesizing module 'PIO_EP' (14#1) [D:/Documents/FPGA-Miner/xilinx-study/pci-e/pg054/pcie_ex2-tendomprom/pcie_7x_0_ex/imports/PIO_EP.v:62]
INFO: [Synth 8-6157] synthesizing module 'PIO_TO_CTRL' [D:/Documents/FPGA-Miner/xilinx-study/pci-e/pg054/pcie_ex2-tendomprom/pcie_7x_0_ex/imports/PIO_TO_CTRL.v:61]
	Parameter TCQ bound to: 1 - type: integer 
INFO: [Synth 8-6155] done synthesizing module 'PIO_TO_CTRL' (15#1) [D:/Documents/FPGA-Miner/xilinx-study/pci-e/pg054/pcie_ex2-tendomprom/pcie_7x_0_ex/imports/PIO_TO_CTRL.v:61]
INFO: [Synth 8-6155] done synthesizing module 'PIO' (16#1) [D:/Documents/FPGA-Miner/xilinx-study/pci-e/pg054/pcie_ex2-tendomprom/pcie_7x_0_ex/imports/PIO.v:66]
INFO: [Synth 8-6155] done synthesizing module 'pcie_app_7x' (17#1) [D:/Documents/FPGA-Miner/xilinx-study/pci-e/pg054/pcie_ex2-tendomprom/pcie_7x_0_ex/imports/pcie_app_7x.v:65]
INFO: [Synth 8-6155] done synthesizing module 'xilinx_pcie_2_1_ep_7x' (18#1) [D:/Documents/FPGA-Miner/xilinx-study/pci-e/pg054/pcie_ex2-tendomprom/pcie_7x_0_ex/imports/xilinx_pcie_2_1_ep_7x.v:60]
WARNING: [Synth 8-3331] design PIO_TX_ENGINE has unconnected port req_be[7]
WARNING: [Synth 8-3331] design PIO_TX_ENGINE has unconnected port req_be[6]
WARNING: [Synth 8-3331] design PIO_TX_ENGINE has unconnected port req_be[5]
WARNING: [Synth 8-3331] design PIO_TX_ENGINE has unconnected port req_be[4]
WARNING: [Synth 8-3331] design PIO_TX_ENGINE has unconnected port req_addr[1]
WARNING: [Synth 8-3331] design PIO_TX_ENGINE has unconnected port req_addr[0]
WARNING: [Synth 8-3331] design PIO_RX_ENGINE has unconnected port m_axis_rx_tkeep[7]
WARNING: [Synth 8-3331] design PIO_RX_ENGINE has unconnected port m_axis_rx_tkeep[6]
WARNING: [Synth 8-3331] design PIO_RX_ENGINE has unconnected port m_axis_rx_tkeep[5]
WARNING: [Synth 8-3331] design PIO_RX_ENGINE has unconnected port m_axis_rx_tkeep[4]
WARNING: [Synth 8-3331] design PIO_RX_ENGINE has unconnected port m_axis_rx_tkeep[3]
WARNING: [Synth 8-3331] design PIO_RX_ENGINE has unconnected port m_axis_rx_tkeep[2]
WARNING: [Synth 8-3331] design PIO_RX_ENGINE has unconnected port m_axis_rx_tkeep[1]
WARNING: [Synth 8-3331] design PIO_RX_ENGINE has unconnected port m_axis_rx_tkeep[0]
WARNING: [Synth 8-3331] design PIO_RX_ENGINE has unconnected port m_axis_rx_tuser[21]
WARNING: [Synth 8-3331] design PIO_RX_ENGINE has unconnected port m_axis_rx_tuser[20]
WARNING: [Synth 8-3331] design PIO_RX_ENGINE has unconnected port m_axis_rx_tuser[19]
WARNING: [Synth 8-3331] design PIO_RX_ENGINE has unconnected port m_axis_rx_tuser[18]
WARNING: [Synth 8-3331] design PIO_RX_ENGINE has unconnected port m_axis_rx_tuser[17]
WARNING: [Synth 8-3331] design PIO_RX_ENGINE has unconnected port m_axis_rx_tuser[16]
WARNING: [Synth 8-3331] design PIO_RX_ENGINE has unconnected port m_axis_rx_tuser[15]
WARNING: [Synth 8-3331] design PIO_RX_ENGINE has unconnected port m_axis_rx_tuser[14]
WARNING: [Synth 8-3331] design PIO_RX_ENGINE has unconnected port m_axis_rx_tuser[13]
WARNING: [Synth 8-3331] design PIO_RX_ENGINE has unconnected port m_axis_rx_tuser[12]
WARNING: [Synth 8-3331] design PIO_RX_ENGINE has unconnected port m_axis_rx_tuser[11]
WARNING: [Synth 8-3331] design PIO_RX_ENGINE has unconnected port m_axis_rx_tuser[10]
WARNING: [Synth 8-3331] design PIO_RX_ENGINE has unconnected port m_axis_rx_tuser[9]
WARNING: [Synth 8-3331] design PIO_RX_ENGINE has unconnected port m_axis_rx_tuser[7]
WARNING: [Synth 8-3331] design PIO_RX_ENGINE has unconnected port m_axis_rx_tuser[6]
WARNING: [Synth 8-3331] design PIO_RX_ENGINE has unconnected port m_axis_rx_tuser[5]
WARNING: [Synth 8-3331] design PIO_RX_ENGINE has unconnected port m_axis_rx_tuser[4]
WARNING: [Synth 8-3331] design PIO_RX_ENGINE has unconnected port m_axis_rx_tuser[3]
WARNING: [Synth 8-3331] design PIO_RX_ENGINE has unconnected port m_axis_rx_tuser[1]
WARNING: [Synth 8-3331] design PIO_RX_ENGINE has unconnected port m_axis_rx_tuser[0]
WARNING: [Synth 8-3331] design PIO_EP_MEM_ACCESS has unconnected port wr_be[7]
WARNING: [Synth 8-3331] design PIO_EP_MEM_ACCESS has unconnected port wr_be[6]
WARNING: [Synth 8-3331] design PIO_EP_MEM_ACCESS has unconnected port wr_be[5]
WARNING: [Synth 8-3331] design PIO_EP_MEM_ACCESS has unconnected port wr_be[4]
WARNING: [Synth 8-3331] design pcie_7x_0_pipe_clock has unconnected port CLK_CLK
WARNING: [Synth 8-3331] design pcie_7x_0_pipe_clock has unconnected port CLK_RXOUTCLK_IN[7]
WARNING: [Synth 8-3331] design pcie_7x_0_pipe_clock has unconnected port CLK_RXOUTCLK_IN[6]
WARNING: [Synth 8-3331] design pcie_7x_0_pipe_clock has unconnected port CLK_RXOUTCLK_IN[5]
WARNING: [Synth 8-3331] design pcie_7x_0_pipe_clock has unconnected port CLK_RXOUTCLK_IN[4]
WARNING: [Synth 8-3331] design pcie_7x_0_pipe_clock has unconnected port CLK_RXOUTCLK_IN[3]
WARNING: [Synth 8-3331] design pcie_7x_0_pipe_clock has unconnected port CLK_RXOUTCLK_IN[2]
WARNING: [Synth 8-3331] design pcie_7x_0_pipe_clock has unconnected port CLK_RXOUTCLK_IN[1]
WARNING: [Synth 8-3331] design pcie_7x_0_pipe_clock has unconnected port CLK_RXOUTCLK_IN[0]
---------------------------------------------------------------------------------
Finished RTL Elaboration : Time (s): cpu = 00:00:03 ; elapsed = 00:00:04 . Memory (MB): peak = 539.824 ; gain = 157.758
---------------------------------------------------------------------------------

Report Check Netlist: 
+------+------------------+-------+---------+-------+------------------+
|      |Item              |Errors |Warnings |Status |Description       |
+------+------------------+-------+---------+-------+------------------+
|1     |multi_driven_nets |      0|        0|Passed |Multi driven nets |
+------+------------------+-------+---------+-------+------------------+
---------------------------------------------------------------------------------
Start Handling Custom Attributes
---------------------------------------------------------------------------------
---------------------------------------------------------------------------------
Finished Handling Custom Attributes : Time (s): cpu = 00:00:03 ; elapsed = 00:00:04 . Memory (MB): peak = 539.824 ; gain = 157.758
---------------------------------------------------------------------------------
---------------------------------------------------------------------------------
Finished RTL Optimization Phase 1 : Time (s): cpu = 00:00:03 ; elapsed = 00:00:04 . Memory (MB): peak = 539.824 ; gain = 157.758
---------------------------------------------------------------------------------
INFO: [Netlist 29-17] Analyzing 5 Unisim elements for replacement
INFO: [Netlist 29-28] Unisim Transformation completed in 0 CPU seconds
INFO: [Device 21-403] Loading part xc7k410tffg900-2
INFO: [Project 1-570] Preparing netlist for logic optimization

Processing XDC Constraints
Initializing timing engine
Parsing XDC File [d:/Documents/FPGA-Miner/xilinx-study/pci-e/pg054/pcie_ex2-tendomprom/pcie_7x_0_ex/pcie_7x_0_ex.srcs/sources_1/ip/pcie_7x_0/pcie_7x_0/pcie_7x_0_in_context.xdc] for cell 'pcie_7x_0_support_i/pcie_7x_0_i'
Finished Parsing XDC File [d:/Documents/FPGA-Miner/xilinx-study/pci-e/pg054/pcie_ex2-tendomprom/pcie_7x_0_ex/pcie_7x_0_ex.srcs/sources_1/ip/pcie_7x_0/pcie_7x_0/pcie_7x_0_in_context.xdc] for cell 'pcie_7x_0_support_i/pcie_7x_0_i'
Parsing XDC File [D:/Documents/FPGA-Miner/xilinx-study/pci-e/pg054/pcie_ex2-tendomprom/pcie_7x_0_ex/imports/xilinx_pcie_7x_ep_x8g1.xdc]
INFO: [Vivado 12-1808] Property 'LOC' is not supported for elaborated designs for objects of type 'port'. [D:/Documents/FPGA-Miner/xilinx-study/pci-e/pg054/pcie_ex2-tendomprom/pcie_7x_0_ex/imports/xilinx_pcie_7x_ep_x8g1.xdc:93]
Finished Parsing XDC File [D:/Documents/FPGA-Miner/xilinx-study/pci-e/pg054/pcie_ex2-tendomprom/pcie_7x_0_ex/imports/xilinx_pcie_7x_ep_x8g1.xdc]
INFO: [Project 1-236] Implementation specific constraints were found while reading constraint file [D:/Documents/FPGA-Miner/xilinx-study/pci-e/pg054/pcie_ex2-tendomprom/pcie_7x_0_ex/imports/xilinx_pcie_7x_ep_x8g1.xdc]. These constraints will be ignored for synthesis but will be used in implementation. Impacted constraints are listed in the file [.Xil/xilinx_pcie_2_1_ep_7x_propImpl.xdc].
Resolution: To avoid this warning, move constraints listed in [.Xil/xilinx_pcie_2_1_ep_7x_propImpl.xdc] to another XDC file and exclude this new file from synthesis with the used_in_synthesis property (File Properties dialog in GUI) and re-run elaboration/synthesis.
Parsing XDC File [D:/Documents/FPGA-Miner/xilinx-study/pci-e/pg054/pcie_ex2-tendomprom/pcie_7x_0_ex/pcie_7x_0_ex.runs/synth_1/dont_touch.xdc]
Finished Parsing XDC File [D:/Documents/FPGA-Miner/xilinx-study/pci-e/pg054/pcie_ex2-tendomprom/pcie_7x_0_ex/pcie_7x_0_ex.runs/synth_1/dont_touch.xdc]
INFO: [Timing 38-2] Deriving generated clocks
Netlist sorting complete. Time (s): cpu = 00:00:00 ; elapsed = 00:00:00.001 . Memory (MB): peak = 933.355 ; gain = 0.000
Completed Processing XDC Constraints

Netlist sorting complete. Time (s): cpu = 00:00:00 ; elapsed = 00:00:00 . Memory (MB): peak = 933.355 ; gain = 0.000
INFO: [Project 1-111] Unisim Transformation Summary:
No Unisim elements were transformed.

Netlist sorting complete. Time (s): cpu = 00:00:00 ; elapsed = 00:00:00 . Memory (MB): peak = 933.355 ; gain = 0.000
Constraint Validation Runtime : Time (s): cpu = 00:00:00 ; elapsed = 00:00:00.009 . Memory (MB): peak = 933.355 ; gain = 0.000
---------------------------------------------------------------------------------
Finished Constraint Validation : Time (s): cpu = 00:00:11 ; elapsed = 00:00:13 . Memory (MB): peak = 933.355 ; gain = 551.289
---------------------------------------------------------------------------------
---------------------------------------------------------------------------------
Start Loading Part and Timing Information
---------------------------------------------------------------------------------
Loading part: xc7k410tffg900-2
---------------------------------------------------------------------------------
Finished Loading Part and Timing Information : Time (s): cpu = 00:00:11 ; elapsed = 00:00:13 . Memory (MB): peak = 933.355 ; gain = 551.289
---------------------------------------------------------------------------------
---------------------------------------------------------------------------------
Start Applying 'set_property' XDC Constraints
---------------------------------------------------------------------------------
Applied set_property DONT_TOUCH = true for pcie_7x_0_support_i/pipe_clock_i/S00_i. (constraint file  D:/Documents/FPGA-Miner/xilinx-study/pci-e/pg054/pcie_ex2-tendomprom/pcie_7x_0_ex/imports/xilinx_pcie_7x_ep_x8g1.xdc, line 125).
Applied set_property DONT_TOUCH = true for pcie_7x_0_support_i/pipe_clock_i/\pclk_i1_bufgctrl.pclk_i1 . (constraint file  D:/Documents/FPGA-Miner/xilinx-study/pci-e/pg054/pcie_ex2-tendomprom/pcie_7x_0_ex/imports/xilinx_pcie_7x_ep_x8g1.xdc, line 125).
Applied set_property DONT_TOUCH = true for pcie_7x_0_support_i/pcie_7x_0_i. (constraint file  auto generated constraint, line ).
---------------------------------------------------------------------------------
Finished applying 'set_property' XDC Constraints : Time (s): cpu = 00:00:11 ; elapsed = 00:00:13 . Memory (MB): peak = 933.355 ; gain = 551.289
---------------------------------------------------------------------------------
INFO: [Synth 8-802] inferred FSM for state register 'wr_mem_state_reg' in module 'PIO_EP_MEM_ACCESS'
INFO: [Synth 8-5544] ROM "post_wr_data" won't be mapped to Block RAM because address size (3) smaller than threshold (5)
INFO: [Synth 8-5544] ROM "pre_wr_data" won't be mapped to Block RAM because address size (3) smaller than threshold (5)
INFO: [Synth 8-802] inferred FSM for state register 'pio_rx_sm_64.state_reg' in module 'PIO_RX_ENGINE'
INFO: [Synth 8-5546] ROM "m_axis_rx_tready" won't be mapped to RAM because it is too sparse
INFO: [Synth 8-5546] ROM "req_len" won't be mapped to RAM because it is too sparse
INFO: [Synth 8-5544] ROM "region_select" won't be mapped to Block RAM because address size (4) smaller than threshold (5)
INFO: [Synth 8-5546] ROM "req_tc" won't be mapped to RAM because it is too sparse
INFO: [Synth 8-5546] ROM "req_tc" won't be mapped to RAM because it is too sparse
INFO: [Synth 8-5546] ROM "req_tc" won't be mapped to RAM because it is too sparse
INFO: [Synth 8-5546] ROM "req_tc" won't be mapped to RAM because it is too sparse
INFO: [Synth 8-5546] ROM "req_tc" won't be mapped to RAM because it is too sparse
INFO: [Synth 8-5546] ROM "req_tc" won't be mapped to RAM because it is too sparse
INFO: [Synth 8-5546] ROM "req_tc" won't be mapped to RAM because it is too sparse
INFO: [Synth 8-5546] ROM "req_tc" won't be mapped to RAM because it is too sparse
INFO: [Synth 8-5546] ROM "req_tc" won't be mapped to RAM because it is too sparse
INFO: [Synth 8-5546] ROM "req_tc" won't be mapped to RAM because it is too sparse
INFO: [Synth 8-5546] ROM "req_tc" won't be mapped to RAM because it is too sparse
INFO: [Synth 8-5544] ROM "state" won't be mapped to Block RAM because address size (1) smaller than threshold (5)
INFO: [Synth 8-5544] ROM "state" won't be mapped to Block RAM because address size (1) smaller than threshold (5)
INFO: [Synth 8-5544] ROM "state" won't be mapped to Block RAM because address size (1) smaller than threshold (5)
INFO: [Synth 8-5544] ROM "state" won't be mapped to Block RAM because address size (1) smaller than threshold (5)
INFO: [Synth 8-5544] ROM "state" won't be mapped to Block RAM because address size (1) smaller than threshold (5)
INFO: [Synth 8-5544] ROM "state" won't be mapped to Block RAM because address size (1) smaller than threshold (5)
INFO: [Synth 8-5546] ROM "req_tc" won't be mapped to RAM because it is too sparse
INFO: [Synth 8-5546] ROM "state" won't be mapped to RAM because it is too sparse
INFO: [Synth 8-5546] ROM "state" won't be mapped to RAM because it is too sparse
INFO: [Synth 8-5546] ROM "state" won't be mapped to RAM because it is too sparse
INFO: [Synth 8-5546] ROM "req_tc" won't be mapped to RAM because it is too sparse
INFO: [Synth 8-5546] ROM "state" won't be mapped to RAM because it is too sparse
INFO: [Synth 8-5544] ROM "state" won't be mapped to Block RAM because address size (1) smaller than threshold (5)
INFO: [Synth 8-5546] ROM "m_axis_rx_tready" won't be mapped to RAM because it is too sparse
INFO: [Synth 8-5546] ROM "req_len" won't be mapped to RAM because it is too sparse
INFO: [Synth 8-5544] ROM "region_select" won't be mapped to Block RAM because address size (4) smaller than threshold (5)
INFO: [Synth 8-5546] ROM "req_tc" won't be mapped to RAM because it is too sparse
INFO: [Synth 8-5544] ROM "state" won't be mapped to Block RAM because address size (1) smaller than threshold (5)
INFO: [Synth 8-5544] ROM "state" won't be mapped to Block RAM because address size (1) smaller than threshold (5)
INFO: [Synth 8-5544] ROM "state" won't be mapped to Block RAM because address size (1) smaller than threshold (5)
INFO: [Synth 8-5544] ROM "state" won't be mapped to Block RAM because address size (1) smaller than threshold (5)
INFO: [Synth 8-5544] ROM "state" won't be mapped to Block RAM because address size (1) smaller than threshold (5)
INFO: [Synth 8-5544] ROM "state" won't be mapped to Block RAM because address size (1) smaller than threshold (5)
INFO: [Synth 8-5546] ROM "req_tc" won't be mapped to RAM because it is too sparse
INFO: [Synth 8-5546] ROM "state" won't be mapped to RAM because it is too sparse
INFO: [Synth 8-5546] ROM "state" won't be mapped to RAM because it is too sparse
INFO: [Synth 8-5546] ROM "state" won't be mapped to RAM because it is too sparse
INFO: [Synth 8-5546] ROM "state" won't be mapped to RAM because it is too sparse
INFO: [Synth 8-5544] ROM "state" won't be mapped to Block RAM because address size (1) smaller than threshold (5)
INFO: [Synth 8-802] inferred FSM for state register 'gen_cpl_64.state_reg' in module 'PIO_TX_ENGINE'
INFO: [Synth 8-5544] ROM "gen_cpl_64.state" won't be mapped to Block RAM because address size (1) smaller than threshold (5)
INFO: [Synth 8-5544] ROM "gen_cpl_64.state" won't be mapped to Block RAM because address size (1) smaller than threshold (5)
---------------------------------------------------------------------------------------------------
                   State |                     New Encoding |                Previous Encoding 
---------------------------------------------------------------------------------------------------
   PIO_MEM_ACCESS_WR_RST |                             0001 |                              000
  PIO_MEM_ACCESS_WR_WAIT |                             0010 |                              001
  PIO_MEM_ACCESS_WR_READ |                             0100 |                              010
 PIO_MEM_ACCESS_WR_WRITE |                             1000 |                              100
---------------------------------------------------------------------------------------------------
INFO: [Synth 8-3354] encoded FSM with state register 'wr_mem_state_reg' using encoding 'one-hot' in module 'PIO_EP_MEM_ACCESS'
---------------------------------------------------------------------------------------------------
                   State |                     New Encoding |                Previous Encoding 
---------------------------------------------------------------------------------------------------
        PIO_RX_RST_STATE |                              000 |                         00000000
  PIO_RX_MEM_RD32_DW1DW2 |                              001 |                         00000001
  PIO_RX_MEM_WR32_DW1DW2 |                              010 |                         00000010
  PIO_RX_MEM_RD64_DW1DW2 |                              011 |                         00000100
  PIO_RX_MEM_WR64_DW1DW2 |                              100 |                         00001000
     PIO_RX_MEM_WR64_DW3 |                              101 |                         00010000
     PIO_RX_IO_WR_DW1DW2 |                              110 |                         01000000
       PIO_RX_WAIT_STATE |                              111 |                         00100000
---------------------------------------------------------------------------------------------------
INFO: [Synth 8-3354] encoded FSM with state register 'pio_rx_sm_64.state_reg' using encoding 'sequential' in module 'PIO_RX_ENGINE'
---------------------------------------------------------------------------------------------------
                   State |                     New Encoding |                Previous Encoding 
---------------------------------------------------------------------------------------------------
        PIO_TX_RST_STATE |                               00 |                               00
   PIO_TX_CPLD_QW1_FIRST |                               01 |                               01
    PIO_TX_CPLD_QW1_TEMP |                               10 |                               10
         PIO_TX_CPLD_QW1 |                               11 |                               11
---------------------------------------------------------------------------------------------------
INFO: [Synth 8-3354] encoded FSM with state register 'gen_cpl_64.state_reg' using encoding 'sequential' in module 'PIO_TX_ENGINE'
---------------------------------------------------------------------------------
Finished RTL Optimization Phase 2 : Time (s): cpu = 00:00:12 ; elapsed = 00:00:14 . Memory (MB): peak = 933.355 ; gain = 551.289
---------------------------------------------------------------------------------

Report RTL Partitions: 
+-+--------------+------------+----------+
| |RTL Partition |Replication |Instances |
+-+--------------+------------+----------+
+-+--------------+------------+----------+
---------------------------------------------------------------------------------
Start RTL Component Statistics 
---------------------------------------------------------------------------------
Detailed RTL Component Info : 
+---Registers : 
	               64 Bit    Registers := 1     
	               32 Bit    Registers := 3     
	               16 Bit    Registers := 1     
	               13 Bit    Registers := 1     
	               11 Bit    Registers := 1     
	               10 Bit    Registers := 1     
	                8 Bit    Registers := 9     
	                4 Bit    Registers := 1     
	                3 Bit    Registers := 1     
	                2 Bit    Registers := 1     
	                1 Bit    Registers := 22    
+---Muxes : 
	   4 Input     64 Bit        Muxes := 1     
	   4 Input     32 Bit        Muxes := 2     
	   8 Input     32 Bit        Muxes := 1     
	   8 Input     13 Bit        Muxes := 1     
	   8 Input     11 Bit        Muxes := 1     
	   2 Input      8 Bit        Muxes := 9     
	   4 Input      8 Bit        Muxes := 1     
	   2 Input      7 Bit        Muxes := 1     
	   6 Input      7 Bit        Muxes := 1     
	   4 Input      4 Bit        Muxes := 1     
	   2 Input      4 Bit        Muxes := 1     
	  34 Input      3 Bit        Muxes := 1     
	  11 Input      3 Bit        Muxes := 1     
	   5 Input      2 Bit        Muxes := 1     
	   4 Input      2 Bit        Muxes := 1     
	   2 Input      2 Bit        Muxes := 3     
	   2 Input      1 Bit        Muxes := 6     
	   4 Input      1 Bit        Muxes := 9     
	   8 Input      1 Bit        Muxes := 14    
	   6 Input      1 Bit        Muxes := 1     
	   7 Input      1 Bit        Muxes := 4     
---------------------------------------------------------------------------------
Finished RTL Component Statistics 
---------------------------------------------------------------------------------
---------------------------------------------------------------------------------
Start RTL Hierarchical Component Statistics 
---------------------------------------------------------------------------------
Hierarchical RTL Component report 
Module xilinx_pcie_2_1_ep_7x 
Detailed RTL Component Info : 
+---Registers : 
	                1 Bit    Registers := 2     
Module pcie_7x_0_pipe_clock 
Detailed RTL Component Info : 
+---Registers : 
	                8 Bit    Registers := 4     
	                1 Bit    Registers := 3     
+---Muxes : 
	   2 Input      8 Bit        Muxes := 1     
	   2 Input      1 Bit        Muxes := 1     
Module PIO_EP_MEM_ACCESS 
Detailed RTL Component Info : 
+---Registers : 
	               32 Bit    Registers := 2     
	                1 Bit    Registers := 1     
+---Muxes : 
	   4 Input     32 Bit        Muxes := 2     
	   2 Input      8 Bit        Muxes := 8     
	   4 Input      4 Bit        Muxes := 1     
	   2 Input      4 Bit        Muxes := 1     
	   4 Input      1 Bit        Muxes := 1     
	   2 Input      1 Bit        Muxes := 1     
Module PIO_RX_ENGINE 
Detailed RTL Component Info : 
+---Registers : 
	               32 Bit    Registers := 1     
	               16 Bit    Registers := 1     
	               13 Bit    Registers := 1     
	               11 Bit    Registers := 1     
	               10 Bit    Registers := 1     
	                8 Bit    Registers := 4     
	                3 Bit    Registers := 1     
	                2 Bit    Registers := 1     
	                1 Bit    Registers := 7     
+---Muxes : 
	   8 Input     32 Bit        Muxes := 1     
	   8 Input     13 Bit        Muxes := 1     
	   8 Input     11 Bit        Muxes := 1     
	  34 Input      3 Bit        Muxes := 1     
	   5 Input      2 Bit        Muxes := 1     
	   2 Input      1 Bit        Muxes := 2     
	   8 Input      1 Bit        Muxes := 14    
	   6 Input      1 Bit        Muxes := 1     
	   7 Input      1 Bit        Muxes := 4     
Module PIO_TX_ENGINE 
Detailed RTL Component Info : 
+---Registers : 
	               64 Bit    Registers := 1     
	                8 Bit    Registers := 1     
	                4 Bit    Registers := 1     
	                1 Bit    Registers := 6     
+---Muxes : 
	   4 Input     64 Bit        Muxes := 1     
	   4 Input      8 Bit        Muxes := 1     
	   2 Input      7 Bit        Muxes := 1     
	   6 Input      7 Bit        Muxes := 1     
	  11 Input      3 Bit        Muxes := 1     
	   4 Input      2 Bit        Muxes := 1     
	   2 Input      2 Bit        Muxes := 3     
	   2 Input      1 Bit        Muxes := 1     
	   4 Input      1 Bit        Muxes := 8     
Module PIO_TO_CTRL 
Detailed RTL Component Info : 
+---Registers : 
	                1 Bit    Registers := 2     
+---Muxes : 
	   2 Input      1 Bit        Muxes := 1     
Module PIO 
Detailed RTL Component Info : 
+---Registers : 
	                1 Bit    Registers := 1     
---------------------------------------------------------------------------------
Finished RTL Hierarchical Component Statistics
---------------------------------------------------------------------------------
---------------------------------------------------------------------------------
Start Part Resource Summary
---------------------------------------------------------------------------------
Part Resources:
DSPs: 1540 (col length:140)
BRAMs: 1590 (col length: RAMB18 140 RAMB36 70)
---------------------------------------------------------------------------------
Finished Part Resource Summary
---------------------------------------------------------------------------------
---------------------------------------------------------------------------------
Start Cross Boundary and Area Optimization
---------------------------------------------------------------------------------
Warning: Parallel synthesis criteria is not met 
INFO: [Synth 8-5546] ROM "app/PIO/PIO_EP_inst/EP_RX_inst/req_tc" won't be mapped to RAM because it is too sparse
INFO: [Synth 8-5546] ROM "app/PIO/PIO_EP_inst/EP_RX_inst/req_len" won't be mapped to RAM because it is too sparse
INFO: [Synth 8-3886] merging instance 'app/PIO/PIO_EP_inst/EP_TX_inst/gen_cpl_64.s_axis_tx_tkeep_reg[0]' (FDRE) to 'app/PIO/PIO_EP_inst/EP_TX_inst/gen_cpl_64.s_axis_tx_tkeep_reg[1]'
INFO: [Synth 8-3886] merging instance 'app/PIO/PIO_EP_inst/EP_TX_inst/gen_cpl_64.s_axis_tx_tkeep_reg[1]' (FDRE) to 'app/PIO/PIO_EP_inst/EP_TX_inst/gen_cpl_64.s_axis_tx_tkeep_reg[2]'
INFO: [Synth 8-3886] merging instance 'app/PIO/PIO_EP_inst/EP_TX_inst/gen_cpl_64.s_axis_tx_tkeep_reg[2]' (FDRE) to 'app/PIO/PIO_EP_inst/EP_TX_inst/gen_cpl_64.s_axis_tx_tkeep_reg[3]'
INFO: [Synth 8-3886] merging instance 'app/PIO/PIO_EP_inst/EP_TX_inst/gen_cpl_64.s_axis_tx_tkeep_reg[4]' (FDRE) to 'app/PIO/PIO_EP_inst/EP_TX_inst/gen_cpl_64.s_axis_tx_tkeep_reg[5]'
INFO: [Synth 8-3886] merging instance 'app/PIO/PIO_EP_inst/EP_TX_inst/gen_cpl_64.s_axis_tx_tkeep_reg[5]' (FDRE) to 'app/PIO/PIO_EP_inst/EP_TX_inst/gen_cpl_64.s_axis_tx_tkeep_reg[6]'
INFO: [Synth 8-3886] merging instance 'app/PIO/PIO_EP_inst/EP_TX_inst/gen_cpl_64.s_axis_tx_tkeep_reg[6]' (FDRE) to 'app/PIO/PIO_EP_inst/EP_TX_inst/gen_cpl_64.s_axis_tx_tkeep_reg[7]'
---------------------------------------------------------------------------------
Finished Cross Boundary and Area Optimization : Time (s): cpu = 00:00:14 ; elapsed = 00:00:15 . Memory (MB): peak = 933.355 ; gain = 551.289
---------------------------------------------------------------------------------

Report RTL Partitions: 
+-+--------------+------------+----------+
| |RTL Partition |Replication |Instances |
+-+--------------+------------+----------+
+-+--------------+------------+----------+
---------------------------------------------------------------------------------
Start Applying XDC Timing Constraints
---------------------------------------------------------------------------------
INFO: [Synth 8-5578] Moved timing constraint from pin 'pcie_7x_0_support_i/pcie_7x_0_i/pipe_txoutclk_out' to pin 'pcie_7x_0_support_i/pcie_7x_0_i/bbstub_pipe_txoutclk_out/O'
INFO: [Synth 8-5578] Moved timing constraint from pin 'pcie_7x_0_support_i/pcie_7x_0_i/startup_eos' to pin 'pcie_7x_0_support_i/pcie_7x_0_i/bbstub_startup_eos/O'
INFO: [Synth 8-5578] Moved timing constraint from pin 'pcie_7x_0_support_i/pcie_7x_0_i/user_clk_out' to pin 'pcie_7x_0_support_i/pcie_7x_0_i/bbstub_user_clk_out/O'
INFO: [Synth 8-5819] Moved 3 constraints on hierarchical pins to their respective driving/loading pins
---------------------------------------------------------------------------------
Finished Applying XDC Timing Constraints : Time (s): cpu = 00:00:21 ; elapsed = 00:00:23 . Memory (MB): peak = 946.086 ; gain = 564.020
---------------------------------------------------------------------------------
---------------------------------------------------------------------------------
Start Timing Optimization
---------------------------------------------------------------------------------
---------------------------------------------------------------------------------
Finished Timing Optimization : Time (s): cpu = 00:00:21 ; elapsed = 00:00:23 . Memory (MB): peak = 959.000 ; gain = 576.934
---------------------------------------------------------------------------------

Report RTL Partitions: 
+-+--------------+------------+----------+
| |RTL Partition |Replication |Instances |
+-+--------------+------------+----------+
+-+--------------+------------+----------+
---------------------------------------------------------------------------------
Start Technology Mapping
---------------------------------------------------------------------------------
---------------------------------------------------------------------------------
Finished Technology Mapping : Time (s): cpu = 00:00:21 ; elapsed = 00:00:23 . Memory (MB): peak = 970.906 ; gain = 588.840
---------------------------------------------------------------------------------

Report RTL Partitions: 
+-+--------------+------------+----------+
| |RTL Partition |Replication |Instances |
+-+--------------+------------+----------+
+-+--------------+------------+----------+
---------------------------------------------------------------------------------
Start IO Insertion
---------------------------------------------------------------------------------
---------------------------------------------------------------------------------
Start Flattening Before IO Insertion
---------------------------------------------------------------------------------
---------------------------------------------------------------------------------
Finished Flattening Before IO Insertion
---------------------------------------------------------------------------------
---------------------------------------------------------------------------------
Start Final Netlist Cleanup
---------------------------------------------------------------------------------
---------------------------------------------------------------------------------
Finished Final Netlist Cleanup
---------------------------------------------------------------------------------
---------------------------------------------------------------------------------
Finished IO Insertion : Time (s): cpu = 00:00:22 ; elapsed = 00:00:24 . Memory (MB): peak = 970.906 ; gain = 588.840
---------------------------------------------------------------------------------

Report Check Netlist: 
+------+------------------+-------+---------+-------+------------------+
|      |Item              |Errors |Warnings |Status |Description       |
+------+------------------+-------+---------+-------+------------------+
|1     |multi_driven_nets |      0|        0|Passed |Multi driven nets |
+------+------------------+-------+---------+-------+------------------+
---------------------------------------------------------------------------------
Start Renaming Generated Instances
---------------------------------------------------------------------------------
---------------------------------------------------------------------------------
Finished Renaming Generated Instances : Time (s): cpu = 00:00:22 ; elapsed = 00:00:24 . Memory (MB): peak = 970.906 ; gain = 588.840
---------------------------------------------------------------------------------

Report RTL Partitions: 
+-+--------------+------------+----------+
| |RTL Partition |Replication |Instances |
+-+--------------+------------+----------+
+-+--------------+------------+----------+
---------------------------------------------------------------------------------
Start Rebuilding User Hierarchy
---------------------------------------------------------------------------------
---------------------------------------------------------------------------------
Finished Rebuilding User Hierarchy : Time (s): cpu = 00:00:22 ; elapsed = 00:00:24 . Memory (MB): peak = 970.906 ; gain = 588.840
---------------------------------------------------------------------------------
---------------------------------------------------------------------------------
Start Renaming Generated Ports
---------------------------------------------------------------------------------
---------------------------------------------------------------------------------
Finished Renaming Generated Ports : Time (s): cpu = 00:00:22 ; elapsed = 00:00:24 . Memory (MB): peak = 970.906 ; gain = 588.840
---------------------------------------------------------------------------------
---------------------------------------------------------------------------------
Start Handling Custom Attributes
---------------------------------------------------------------------------------
---------------------------------------------------------------------------------
Finished Handling Custom Attributes : Time (s): cpu = 00:00:22 ; elapsed = 00:00:24 . Memory (MB): peak = 970.906 ; gain = 588.840
---------------------------------------------------------------------------------
---------------------------------------------------------------------------------
Start Renaming Generated Nets
---------------------------------------------------------------------------------
---------------------------------------------------------------------------------
Finished Renaming Generated Nets : Time (s): cpu = 00:00:22 ; elapsed = 00:00:24 . Memory (MB): peak = 970.906 ; gain = 588.840
---------------------------------------------------------------------------------
---------------------------------------------------------------------------------
Start Writing Synthesis Report
---------------------------------------------------------------------------------

Report BlackBoxes: 
+------+--------------+----------+
|      |BlackBox name |Instances |
+------+--------------+----------+
|1     |pcie_7x_0     |         1|
+------+--------------+----------+

Report Cell Usage: 
+------+------------+------+
|      |Cell        |Count |
+------+------------+------+
|1     |pcie_7x_0   |     1|
|2     |BUFG        |     3|
|3     |BUFGCTRL    |     1|
|4     |IBUFDS_GTE2 |     1|
|5     |LUT1        |     2|
|6     |LUT2        |    27|
|7     |LUT3        |    80|
|8     |LUT4        |    59|
|9     |LUT5        |    33|
|10    |LUT6        |    79|
|11    |MMCME2_ADV  |     1|
|12    |RAMB36E1    |     4|
|13    |FDRE        |   303|
|14    |FDSE        |     3|
|15    |IBUF        |    19|
|16    |OBUF        |    16|
+------+------------+------+

Report Instance Areas: 
+------+----------------------+---------------------+------+
|      |Instance              |Module               |Cells |
+------+----------------------+---------------------+------+
|1     |top                   |                     |  1120|
|2     |  app                 |pcie_app_7x          |   518|
|3     |    PIO               |PIO                  |   518|
|4     |      PIO_EP_inst     |PIO_EP               |   514|
|5     |        EP_MEM_inst   |PIO_EP_MEM_ACCESS    |   172|
|6     |          EP_MEM_inst |EP_MEM               |    36|
|7     |        EP_RX_inst    |PIO_RX_ENGINE        |   187|
|8     |        EP_TX_inst    |PIO_TX_ENGINE        |   155|
|9     |      PIO_TO_inst     |PIO_TO_CTRL          |     2|
|10    |  pcie_7x_0_support_i |pcie_7x_0_support    |   564|
|11    |    pipe_clock_i      |pcie_7x_0_pipe_clock |    44|
+------+----------------------+---------------------+------+
---------------------------------------------------------------------------------
Finished Writing Synthesis Report : Time (s): cpu = 00:00:22 ; elapsed = 00:00:24 . Memory (MB): peak = 970.906 ; gain = 588.840
---------------------------------------------------------------------------------
Synthesis finished with 0 errors, 0 critical warnings and 0 warnings.
Synthesis Optimization Runtime : Time (s): cpu = 00:00:13 ; elapsed = 00:00:18 . Memory (MB): peak = 970.906 ; gain = 195.309
Synthesis Optimization Complete : Time (s): cpu = 00:00:22 ; elapsed = 00:00:24 . Memory (MB): peak = 970.906 ; gain = 588.840
INFO: [Project 1-571] Translating synthesized netlist
INFO: [Netlist 29-17] Analyzing 5 Unisim elements for replacement
INFO: [Netlist 29-28] Unisim Transformation completed in 0 CPU seconds
INFO: [Project 1-570] Preparing netlist for logic optimization
INFO: [Opt 31-138] Pushed 0 inverter(s) to 0 load pin(s).
Netlist sorting complete. Time (s): cpu = 00:00:00 ; elapsed = 00:00:00 . Memory (MB): peak = 977.980 ; gain = 0.000
INFO: [Project 1-111] Unisim Transformation Summary:
No Unisim elements were transformed.

INFO: [Common 17-83] Releasing license: Synthesis
129 Infos, 49 Warnings, 1 Critical Warnings and 0 Errors encountered.
synth_design completed successfully
synth_design: Time (s): cpu = 00:00:26 ; elapsed = 00:00:28 . Memory (MB): peak = 977.980 ; gain = 607.383
Netlist sorting complete. Time (s): cpu = 00:00:00 ; elapsed = 00:00:00 . Memory (MB): peak = 977.980 ; gain = 0.000
WARNING: [Constraints 18-5210] No constraints selected for write.
Resolution: This message can indicate that there are no constraints for the design, or it can indicate that the used_in flags are set such that the constraints are ignored. This later case is used when running synth_design to not write synthesis constraints to the resulting checkpoint. Instead, project constraints are read when the synthesized design is opened.
INFO: [Common 17-1381] The checkpoint 'D:/Documents/FPGA-Miner/xilinx-study/pci-e/pg054/pcie_ex2-tendomprom/pcie_7x_0_ex/pcie_7x_0_ex.runs/synth_1/xilinx_pcie_2_1_ep_7x.dcp' has been generated.
INFO: [runtcl-4] Executing : report_utilization -file xilinx_pcie_2_1_ep_7x_utilization_synth.rpt -pb xilinx_pcie_2_1_ep_7x_utilization_synth.pb
INFO: [Common 17-206] Exiting Vivado at Fri Feb 15 13:17:33 2019...
