Copyright 1986-2018 Xilinx, Inc. All Rights Reserved.
---------------------------------------------------------------------------------------------------
| Tool Version : Vivado v.2018.3 (win64) Build 2405991 Thu Dec  6 23:38:27 MST 2018
| Date         : Fri Feb 15 18:59:48 2019
| Host         : vr-2 running 64-bit major release  (build 9200)
| Command      : report_clock_utilization -file xilinx_pcie_2_1_ep_7x_clock_utilization_routed.rpt
| Design       : xilinx_pcie_2_1_ep_7x
| Device       : 7k410t-ffg900
| Speed File   : -2  PRODUCTION 1.12 2017-02-17
---------------------------------------------------------------------------------------------------

Clock Utilization Report

Table of Contents
-----------------
1. Clock Primitive Utilization
2. Global Clock Resources
3. Global Clock Source Details
4. Clock Regions: Key Resource Utilization
5. Clock Regions : Global Clock Summary
6. Device Cell Placement Summary for Global Clock g0
7. Device Cell Placement Summary for Global Clock g1
8. Device Cell Placement Summary for Global Clock g2
9. Device Cell Placement Summary for Global Clock g3
10. Device Cell Placement Summary for Global Clock g4
11. Device Cell Placement Summary for Global Clock g5
12. Device Cell Placement Summary for Global Clock g6
13. Clock Region Cell Placement per Global Clock: Region X0Y2
14. Clock Region Cell Placement per Global Clock: Region X1Y2
15. Clock Region Cell Placement per Global Clock: Region X0Y3
16. Clock Region Cell Placement per Global Clock: Region X1Y3
17. Clock Region Cell Placement per Global Clock: Region X1Y4

1. Clock Primitive Utilization
------------------------------

+----------+------+-----------+-----+--------------+--------+
| Type     | Used | Available | LOC | Clock Region | Pblock |
+----------+------+-----------+-----+--------------+--------+
| BUFGCTRL |    7 |        32 |   0 |            0 |      7 |
| BUFH     |    0 |       168 |   0 |            0 |      0 |
| BUFIO    |    0 |        40 |   0 |            0 |      0 |
| BUFMR    |    0 |        20 |   0 |            0 |      0 |
| BUFR     |    0 |        40 |   0 |            0 |      0 |
| MMCM     |    1 |        10 |   0 |            0 |      1 |
| PLL      |    0 |        10 |   0 |            0 |      0 |
+----------+------+-----------+-----+--------------+--------+


2. Global Clock Resources
-------------------------

+-----------+-----------+-----------------+------------+----------------+--------------+-------------------+-------------+-----------------+--------------+-----------------+----------------------------------------------------------------------------------------+-----------------------------------------------------------------------------------+
| Global Id | Source Id | Driver Type/Pin | Constraint | Site           | Clock Region | Load Clock Region | Clock Loads | Non-Clock Loads | Clock Period | Clock           | Driver Pin                                                                             | Net                                                                               |
+-----------+-----------+-----------------+------------+----------------+--------------+-------------------+-------------+-----------------+--------------+-----------------+----------------------------------------------------------------------------------------+-----------------------------------------------------------------------------------+
| g0        | src0      | BUFGCTRL/O      | PBlock     | BUFGCTRL_X0Y0  | n/a          |                 2 |        2983 |               0 |        8.000 | Multiple        | pcie_7x_0_support_i/pipe_clock_i/pclk_i1_bufgctrl.pclk_i1/O                            | pcie_7x_0_support_i/pipe_clock_i/pclk_sel_reg_0                                   |
| g1        | src0      | BUFG/O          | PBlock     | BUFGCTRL_X0Y2  | n/a          |                 2 |         792 |               0 |        8.000 | clk_125mhz_x0y0 | pcie_7x_0_support_i/pipe_clock_i/dclk_i_bufg.dclk_i/O                                  | pcie_7x_0_support_i/pipe_clock_i/pipe_dclk_in                                     |
| g2        | src0      | BUFG/O          | PBlock     | BUFGCTRL_X0Y1  | n/a          |                 2 |        1091 |               0 |        4.000 | userclk2        | pcie_7x_0_support_i/pipe_clock_i/userclk2_i1.usrclk2_i1/O                              | pcie_7x_0_support_i/pipe_clock_i/pipe_userclk2_in                                 |
| g3        | src0      | BUFG/O          | PBlock     | BUFGCTRL_X0Y3  | n/a          |                 3 |         174 |               0 |       10.000 | clk_100mhz      | pcie_7x_0_support_i/icap_clock_bufg/O                                                  | pcie_7x_0_support_i/icap_clk                                                      |
| g4        | src1      | BUFG/O          | PBlock     | BUFGCTRL_X0Y4  | n/a          |                 2 |          72 |               0 |       10.000 | sys_clk         | pcie_7x_0_support_i/pcie_7x_0_i/inst/inst/gt_top_i/pipe_wrapper_i/cpllpd_refclk_inst/O | pcie_7x_0_support_i/pcie_7x_0_i/inst/inst/gt_top_i/pipe_wrapper_i/gt_cpllpdrefclk |
| g5        | src0      | BUFG/O          | PBlock     | BUFGCTRL_X0Y5  | n/a          |                 1 |           9 |               0 |        2.000 | userclk1        | pcie_7x_0_support_i/pipe_clock_i/userclk1_i1.usrclk1_i1/O                              | pcie_7x_0_support_i/pipe_clock_i/pipe_userclk1_in                                 |
| g6        | src2      | BUFG/O          | PBlock     | BUFGCTRL_X0Y16 | n/a          |                 1 |           1 |               0 |       10.000 | txoutclk_x0y0   | pcie_7x_0_support_i/pipe_clock_i/txoutclk_i.txoutclk_i/O                               | pcie_7x_0_support_i/pipe_clock_i/refclk                                           |
+-----------+-----------+-----------------+------------+----------------+--------------+-------------------+-------------+-----------------+--------------+-----------------+----------------------------------------------------------------------------------------+-----------------------------------------------------------------------------------+
* Clock Loads column represents the clock pin loads (pin count)
** Non-Clock Loads column represents the non-clock pin loads (pin count)


3. Global Clock Source Details
------------------------------

+-----------+-----------+------------------------+---------------------+--------------------+--------------+-------------+-----------------+---------------------+-----------------+----------------------------------------------------------------------------------------------------------------------------------+---------------------------------------------------------------------------------------------------------------+
| Source Id | Global Id | Driver Type/Pin        | Constraint          | Site               | Clock Region | Clock Loads | Non-Clock Loads | Source Clock Period | Source Clock    | Driver Pin                                                                                                                       | Net                                                                                                           |
+-----------+-----------+------------------------+---------------------+--------------------+--------------+-------------+-----------------+---------------------+-----------------+----------------------------------------------------------------------------------------------------------------------------------+---------------------------------------------------------------------------------------------------------------+
| src0      | g3        | MMCME2_ADV/CLKOUT5     | PBlock              | MMCME2_ADV_X0Y3    | X0Y3         |           1 |               0 |              10.000 | clk_100mhz      | pcie_7x_0_support_i/pipe_clock_i/mmcm_i/CLKOUT5                                                                                  | pcie_7x_0_support_i/pipe_clock_i/clk_100mhz                                                                   |
| src0      | g0, g1    | MMCME2_ADV/CLKOUT0     | PBlock              | MMCME2_ADV_X0Y3    | X0Y3         |           2 |               0 |               8.000 | clk_125mhz_x0y0 | pcie_7x_0_support_i/pipe_clock_i/mmcm_i/CLKOUT0                                                                                  | pcie_7x_0_support_i/pipe_clock_i/clk_125mhz                                                                   |
| src0      | g5        | MMCME2_ADV/CLKOUT2     | PBlock              | MMCME2_ADV_X0Y3    | X0Y3         |           1 |               0 |               2.000 | userclk1        | pcie_7x_0_support_i/pipe_clock_i/mmcm_i/CLKOUT2                                                                                  | pcie_7x_0_support_i/pipe_clock_i/userclk1                                                                     |
| src0      | g2        | MMCME2_ADV/CLKOUT3     | PBlock              | MMCME2_ADV_X0Y3    | X0Y3         |           1 |               0 |               4.000 | userclk2        | pcie_7x_0_support_i/pipe_clock_i/mmcm_i/CLKOUT3                                                                                  | pcie_7x_0_support_i/pipe_clock_i/userclk2                                                                     |
| src1      | g4        | IBUFDS_GTE2/O          | IBUFDS_GTE2_X0Y1*   | IBUFDS_GTE2_X0Y1   | X1Y3         |          11 |               0 |              10.000 | sys_clk         | refclk_ibuf/O                                                                                                                    | sys_clk                                                                                                       |
| src2      | g6        | GTXE2_CHANNEL/TXOUTCLK | GTXE2_CHANNEL_X0Y7* | GTXE2_CHANNEL_X0Y7 | X1Y4         |           1 |               0 |              10.000 | txoutclk_x0y0   | pcie_7x_0_support_i/pcie_7x_0_i/inst/inst/gt_top_i/pipe_wrapper_i/pipe_lane[0].gt_wrapper_i/gtx_channel.gtxe2_channel_i/TXOUTCLK | pcie_7x_0_support_i/pcie_7x_0_i/inst/inst/gt_top_i/pipe_wrapper_i/pipe_lane[0].gt_wrapper_i/pipe_txoutclk_out |
+-----------+-----------+------------------------+---------------------+--------------------+--------------+-------------+-----------------+---------------------+-----------------+----------------------------------------------------------------------------------------------------------------------------------+---------------------------------------------------------------------------------------------------------------+
* Clock Loads column represents the clock pin loads (pin count)
** Non-Clock Loads column represents the non-clock pin loads (pin count)
*** In Constraint column, symbol '*' indicates multiple constraint types applied to the clock source. Please check for potential conflicts.


4. Clock Regions: Key Resource Utilization
------------------------------------------

+-------------------+--------------+--------------+--------------+--------------+--------------+--------------+--------------+--------------+--------------+--------------+--------------+--------------+--------------+--------------+--------------+
|                   | Global Clock |     BUFRs    |    BUFMRs    |    BUFIOs    |     MMCM     |      PLL     |      GT      |      PCI     |    ILOGIC    |    OLOGIC    |      FF      |     LUTM     |    RAMB18    |    RAMB36    |    DSP48E2   |
+-------------------+------+-------+------+-------+------+-------+------+-------+------+-------+------+-------+------+-------+------+-------+------+-------+------+-------+------+-------+------+-------+------+-------+------+-------+------+-------+
| Clock Region Name | Used | Avail | Used | Avail | Used | Avail | Used | Avail | Used | Avail | Used | Avail | Used | Avail | Used | Avail | Used | Avail | Used | Avail | Used | Avail | Used | Avail | Used | Avail | Used | Avail | Used | Avail |
+-------------------+------+-------+------+-------+------+-------+------+-------+------+-------+------+-------+------+-------+------+-------+------+-------+------+-------+------+-------+------+-------+------+-------+------+-------+------+-------+
| X0Y0              |    0 |    12 |    0 |     4 |    0 |     2 |    0 |     4 |    0 |     1 |    0 |     1 |    0 |     0 |    0 |     0 |    0 |    50 |    0 |    50 |    0 |  5000 |    0 |  1700 |    0 |   120 |    0 |    60 |    0 |   120 |
| X1Y0              |    0 |    12 |    0 |     4 |    0 |     2 |    0 |     4 |    0 |     1 |    0 |     1 |    0 |     0 |    0 |     0 |    0 |    50 |    0 |    50 |    0 |  4500 |    0 |  1600 |    0 |   120 |    0 |    60 |    0 |   100 |
| X0Y1              |    0 |    12 |    0 |     4 |    0 |     2 |    0 |     4 |    0 |     1 |    0 |     1 |    0 |     0 |    0 |     0 |    0 |    50 |    0 |    50 |    0 |  5000 |    0 |  1700 |    0 |   120 |    0 |    60 |    0 |   120 |
| X1Y1              |    0 |    12 |    0 |     4 |    0 |     2 |    0 |     4 |    0 |     1 |    0 |     1 |    0 |     0 |    0 |     0 |    0 |    50 |    0 |    50 |    0 |  4500 |    0 |  1600 |    0 |   120 |    0 |    60 |    0 |   100 |
| X0Y2              |    1 |    12 |    0 |     4 |    0 |     2 |    0 |     4 |    0 |     1 |    0 |     1 |    0 |     0 |    0 |     0 |    0 |    50 |    0 |    50 |    0 |  4400 |    0 |  1700 |    0 |   120 |    0 |    60 |    0 |   120 |
| X1Y2              |    1 |    12 |    0 |     4 |    0 |     2 |    0 |     4 |    0 |     1 |    0 |     1 |    0 |     0 |    0 |     0 |    0 |    50 |    0 |    50 |   24 |  4500 |   11 |  1600 |    0 |   120 |    1 |    60 |    0 |   100 |
| X0Y3              |    2 |    12 |    0 |     4 |    0 |     2 |    0 |     4 |    1 |     1 |    0 |     1 |    0 |     0 |    0 |     0 |    0 |    50 |    0 |    50 |   68 |  4400 |   36 |  1700 |    0 |   120 |    0 |    60 |    0 |   120 |
| X1Y3              |    6 |    12 |    0 |     0 |    0 |     0 |    0 |     0 |    0 |     0 |    0 |     0 |    4 |     4 |    1 |     1 |    0 |     0 |    0 |     0 | 3706 |  3950 | 1340 |  1450 |    0 |    90 |    7 |    45 |    0 |   100 |
| X0Y4              |    0 |    12 |    0 |     4 |    0 |     2 |    0 |     4 |    0 |     1 |    0 |     1 |    0 |     0 |    0 |     0 |    0 |    50 |    0 |    50 |    0 |  5000 |    0 |  1700 |    0 |   120 |    0 |    60 |    0 |   120 |
| X1Y4              |    3 |    12 |    0 |     0 |    0 |     0 |    0 |     0 |    0 |     0 |    0 |     0 |    4 |     4 |    0 |     0 |    0 |     0 |    0 |     0 | 1203 |  4100 |  401 |  1500 |    0 |   100 |    0 |    50 |    0 |   100 |
| X0Y5              |    0 |    12 |    0 |     4 |    0 |     2 |    0 |     4 |    0 |     1 |    0 |     1 |    0 |     0 |    0 |     0 |    0 |    50 |    0 |    50 |    0 |  5000 |    0 |  1700 |    0 |   120 |    0 |    60 |    0 |   120 |
| X1Y5              |    0 |    12 |    0 |     0 |    0 |     0 |    0 |     0 |    0 |     0 |    0 |     0 |    0 |     4 |    0 |     0 |    0 |     0 |    0 |     0 |    0 |  4100 |    0 |  1500 |    0 |   100 |    0 |    50 |    0 |   100 |
| X0Y6              |    0 |    12 |    0 |     4 |    0 |     2 |    0 |     4 |    0 |     1 |    0 |     1 |    0 |     0 |    0 |     0 |    0 |    50 |    0 |    50 |    0 |  5000 |    0 |  1700 |    0 |   120 |    0 |    60 |    0 |   120 |
| X1Y6              |    0 |    12 |    0 |     0 |    0 |     0 |    0 |     0 |    0 |     0 |    0 |     0 |    0 |     4 |    0 |     0 |    0 |     0 |    0 |     0 |    0 |  4100 |    0 |  1500 |    0 |   100 |    0 |    50 |    0 |   100 |
+-------------------+------+-------+------+-------+------+-------+------+-------+------+-------+------+-------+------+-------+------+-------+------+-------+------+-------+------+-------+------+-------+------+-------+------+-------+------+-------+
* Global Clock column represents track count; while other columns represents cell counts


5. Clock Regions : Global Clock Summary
---------------------------------------

All Modules
+----+----+----+
|    | X0 | X1 |
+----+----+----+
| Y6 |  0 |  0 |
| Y5 |  0 |  0 |
| Y4 |  0 |  3 |
| Y3 |  2 |  6 |
| Y2 |  1 |  1 |
| Y1 |  0 |  0 |
| Y0 |  0 |  0 |
+----+----+----+


6. Device Cell Placement Summary for Global Clock g0
----------------------------------------------------

+-----------+-----------------+-------------------+----------+-------------+---------------+-------------+----------+----------------+----------+-------------------------------------------------+
| Global Id | Driver Type/Pin | Driver Region (D) | Clock    | Period (ns) | Waveform (ns) | Slice Loads | IO Loads | Clocking Loads | GT Loads | Net                                             |
+-----------+-----------------+-------------------+----------+-------------+---------------+-------------+----------+----------------+----------+-------------------------------------------------+
| g0        | BUFGCTRL/O      | n/a               | Multiple |       8.000 | {0.000 4.000} |        2951 |        0 |              0 |        8 | pcie_7x_0_support_i/pipe_clock_i/pclk_sel_reg_0 |
+-----------+-----------------+-------------------+----------+-------------+---------------+-------------+----------+----------------+----------+-------------------------------------------------+
* Logic Loads column represents load cell count of all cell types other than IO, GT and clock resources
** IO Loads column represents load cell count of IO types
*** Clocking Loads column represents load cell count that are clock resources (global clock buffer, MMCM, PLL, etc)
**** GT Loads column represents load cell count of GT types


+----+----+-------+
|    | X0 | X1    |
+----+----+-------+
| Y6 |  0 |     0 |
| Y5 |  0 |     0 |
| Y4 |  0 |   823 |
| Y3 |  0 |  2136 |
| Y2 |  0 |     0 |
| Y1 |  0 |     0 |
| Y0 |  0 |     0 |
+----+----+-------+


7. Device Cell Placement Summary for Global Clock g1
----------------------------------------------------

+-----------+-----------------+-------------------+-----------------+-------------+---------------+-------------+----------+----------------+----------+-----------------------------------------------+
| Global Id | Driver Type/Pin | Driver Region (D) | Clock           | Period (ns) | Waveform (ns) | Slice Loads | IO Loads | Clocking Loads | GT Loads | Net                                           |
+-----------+-----------------+-------------------+-----------------+-------------+---------------+-------------+----------+----------------+----------+-----------------------------------------------+
| g1        | BUFG/O          | n/a               | clk_125mhz_x0y0 |       8.000 | {0.000 4.000} |         782 |        0 |              0 |       10 | pcie_7x_0_support_i/pipe_clock_i/pipe_dclk_in |
+-----------+-----------------+-------------------+-----------------+-------------+---------------+-------------+----------+----------------+----------+-----------------------------------------------+
* Logic Loads column represents load cell count of all cell types other than IO, GT and clock resources
** IO Loads column represents load cell count of IO types
*** Clocking Loads column represents load cell count that are clock resources (global clock buffer, MMCM, PLL, etc)
**** GT Loads column represents load cell count of GT types


+----+----+------+
|    | X0 | X1   |
+----+----+------+
| Y6 |  0 |    0 |
| Y5 |  0 |    0 |
| Y4 |  0 |  381 |
| Y3 |  0 |  411 |
| Y2 |  0 |    0 |
| Y1 |  0 |    0 |
| Y0 |  0 |    0 |
+----+----+------+


8. Device Cell Placement Summary for Global Clock g2
----------------------------------------------------

+-----------+-----------------+-------------------+----------+-------------+---------------+-------------+----------+----------------+----------+---------------------------------------------------+
| Global Id | Driver Type/Pin | Driver Region (D) | Clock    | Period (ns) | Waveform (ns) | Slice Loads | IO Loads | Clocking Loads | GT Loads | Net                                               |
+-----------+-----------------+-------------------+----------+-------------+---------------+-------------+----------+----------------+----------+---------------------------------------------------+
| g2        | BUFG/O          | n/a               | userclk2 |       4.000 | {0.000 2.000} |        1087 |        0 |              0 |        0 | pcie_7x_0_support_i/pipe_clock_i/pipe_userclk2_in |
+-----------+-----------------+-------------------+----------+-------------+---------------+-------------+----------+----------------+----------+---------------------------------------------------+
* Logic Loads column represents load cell count of all cell types other than IO, GT and clock resources
** IO Loads column represents load cell count of IO types
*** Clocking Loads column represents load cell count that are clock resources (global clock buffer, MMCM, PLL, etc)
**** GT Loads column represents load cell count of GT types


+----+----+-------+
|    | X0 | X1    |
+----+----+-------+
| Y6 |  0 |     0 |
| Y5 |  0 |     0 |
| Y4 |  0 |     0 |
| Y3 |  0 |  1062 |
| Y2 |  0 |    25 |
| Y1 |  0 |     0 |
| Y0 |  0 |     0 |
+----+----+-------+


9. Device Cell Placement Summary for Global Clock g3
----------------------------------------------------

+-----------+-----------------+-------------------+------------+-------------+---------------+-------------+----------+----------------+----------+------------------------------+
| Global Id | Driver Type/Pin | Driver Region (D) | Clock      | Period (ns) | Waveform (ns) | Slice Loads | IO Loads | Clocking Loads | GT Loads | Net                          |
+-----------+-----------------+-------------------+------------+-------------+---------------+-------------+----------+----------------+----------+------------------------------+
| g3        | BUFG/O          | n/a               | clk_100mhz |      10.000 | {0.000 5.000} |         174 |        0 |              0 |        0 | pcie_7x_0_support_i/icap_clk |
+-----------+-----------------+-------------------+------------+-------------+---------------+-------------+----------+----------------+----------+------------------------------+
* Logic Loads column represents load cell count of all cell types other than IO, GT and clock resources
** IO Loads column represents load cell count of IO types
*** Clocking Loads column represents load cell count that are clock resources (global clock buffer, MMCM, PLL, etc)
**** GT Loads column represents load cell count of GT types


+----+-----+------+
|    | X0  | X1   |
+----+-----+------+
| Y6 |   0 |    0 |
| Y5 |   0 |    0 |
| Y4 |   0 |    0 |
| Y3 |  68 |  105 |
| Y2 |   1 |    0 |
| Y1 |   0 |    0 |
| Y0 |   0 |    0 |
+----+-----+------+


10. Device Cell Placement Summary for Global Clock g4
-----------------------------------------------------

+-----------+-----------------+-------------------+---------+-------------+---------------+-------------+----------+----------------+----------+-----------------------------------------------------------------------------------+
| Global Id | Driver Type/Pin | Driver Region (D) | Clock   | Period (ns) | Waveform (ns) | Slice Loads | IO Loads | Clocking Loads | GT Loads | Net                                                                               |
+-----------+-----------------+-------------------+---------+-------------+---------------+-------------+----------+----------------+----------+-----------------------------------------------------------------------------------+
| g4        | BUFG/O          | n/a               | sys_clk |      10.000 | {0.000 5.000} |          72 |        0 |              0 |        0 | pcie_7x_0_support_i/pcie_7x_0_i/inst/inst/gt_top_i/pipe_wrapper_i/gt_cpllpdrefclk |
+-----------+-----------------+-------------------+---------+-------------+---------------+-------------+----------+----------------+----------+-----------------------------------------------------------------------------------+
* Logic Loads column represents load cell count of all cell types other than IO, GT and clock resources
** IO Loads column represents load cell count of IO types
*** Clocking Loads column represents load cell count that are clock resources (global clock buffer, MMCM, PLL, etc)
**** GT Loads column represents load cell count of GT types


+----+----+-----+
|    | X0 | X1  |
+----+----+-----+
| Y6 |  0 |   0 |
| Y5 |  0 |   0 |
| Y4 |  0 |  36 |
| Y3 |  0 |  36 |
| Y2 |  0 |   0 |
| Y1 |  0 |   0 |
| Y0 |  0 |   0 |
+----+----+-----+


11. Device Cell Placement Summary for Global Clock g5
-----------------------------------------------------

+-----------+-----------------+-------------------+----------+-------------+---------------+-------------+----------+----------------+----------+---------------------------------------------------+
| Global Id | Driver Type/Pin | Driver Region (D) | Clock    | Period (ns) | Waveform (ns) | Slice Loads | IO Loads | Clocking Loads | GT Loads | Net                                               |
+-----------+-----------------+-------------------+----------+-------------+---------------+-------------+----------+----------------+----------+---------------------------------------------------+
| g5        | BUFG/O          | n/a               | userclk1 |       2.000 | {0.000 1.000} |           5 |        0 |              0 |        0 | pcie_7x_0_support_i/pipe_clock_i/pipe_userclk1_in |
+-----------+-----------------+-------------------+----------+-------------+---------------+-------------+----------+----------------+----------+---------------------------------------------------+
* Logic Loads column represents load cell count of all cell types other than IO, GT and clock resources
** IO Loads column represents load cell count of IO types
*** Clocking Loads column represents load cell count that are clock resources (global clock buffer, MMCM, PLL, etc)
**** GT Loads column represents load cell count of GT types


+----+----+----+
|    | X0 | X1 |
+----+----+----+
| Y6 |  0 |  0 |
| Y5 |  0 |  0 |
| Y4 |  0 |  0 |
| Y3 |  0 |  5 |
| Y2 |  0 |  0 |
| Y1 |  0 |  0 |
| Y0 |  0 |  0 |
+----+----+----+


12. Device Cell Placement Summary for Global Clock g6
-----------------------------------------------------

+-----------+-----------------+-------------------+---------------+-------------+---------------+-------------+----------+----------------+----------+-----------------------------------------+
| Global Id | Driver Type/Pin | Driver Region (D) | Clock         | Period (ns) | Waveform (ns) | Slice Loads | IO Loads | Clocking Loads | GT Loads | Net                                     |
+-----------+-----------------+-------------------+---------------+-------------+---------------+-------------+----------+----------------+----------+-----------------------------------------+
| g6        | BUFG/O          | n/a               | txoutclk_x0y0 |      10.000 | {0.000 5.000} |           0 |        0 |              1 |        0 | pcie_7x_0_support_i/pipe_clock_i/refclk |
+-----------+-----------------+-------------------+---------------+-------------+---------------+-------------+----------+----------------+----------+-----------------------------------------+
* Logic Loads column represents load cell count of all cell types other than IO, GT and clock resources
** IO Loads column represents load cell count of IO types
*** Clocking Loads column represents load cell count that are clock resources (global clock buffer, MMCM, PLL, etc)
**** GT Loads column represents load cell count of GT types


+----+----+----+
|    | X0 | X1 |
+----+----+----+
| Y6 |  0 |  0 |
| Y5 |  0 |  0 |
| Y4 |  0 |  0 |
| Y3 |  1 |  0 |
| Y2 |  0 |  0 |
| Y1 |  0 |  0 |
| Y0 |  0 |  0 |
+----+----+----+


13. Clock Region Cell Placement per Global Clock: Region X0Y2
-------------------------------------------------------------

+-----------+-------+-----------------+------------+-------------+-----------------+----+--------+------+-----+----+------+-----+---------+------------------------------+
| Global Id | Track | Driver Type/Pin | Constraint | Clock Loads | Non-Clock Loads | FF | LUTRAM | RAMB | DSP | GT | MMCM | PLL | Hard IP | Net                          |
+-----------+-------+-----------------+------------+-------------+-----------------+----+--------+------+-----+----+------+-----+---------+------------------------------+
| g3        | n/a   | BUFG/O          | PBlock     |           1 |               0 |  0 |      0 |    0 |   0 |  0 |    0 |   0 |       0 | pcie_7x_0_support_i/icap_clk |
+-----------+-------+-----------------+------------+-------------+-----------------+----+--------+------+-----+----+------+-----+---------+------------------------------+
* Clock Loads column represents the clock pin loads (pin count)
** Non-Clock Loads column represents the non-clock pin loads (pin count)
*** Columns FF, LUTRAM, RAMB through 'Hard IP' represents load cell counts


14. Clock Region Cell Placement per Global Clock: Region X1Y2
-------------------------------------------------------------

+-----------+-------+-----------------+------------+-------------+-----------------+----+--------+------+-----+----+------+-----+---------+---------------------------------------------------+
| Global Id | Track | Driver Type/Pin | Constraint | Clock Loads | Non-Clock Loads | FF | LUTRAM | RAMB | DSP | GT | MMCM | PLL | Hard IP | Net                                               |
+-----------+-------+-----------------+------------+-------------+-----------------+----+--------+------+-----+----+------+-----+---------+---------------------------------------------------+
| g2        | n/a   | BUFG/O          | PBlock     |          25 |               0 | 24 |      0 |    1 |   0 |  0 |    0 |   0 |       0 | pcie_7x_0_support_i/pipe_clock_i/pipe_userclk2_in |
+-----------+-------+-----------------+------------+-------------+-----------------+----+--------+------+-----+----+------+-----+---------+---------------------------------------------------+
* Clock Loads column represents the clock pin loads (pin count)
** Non-Clock Loads column represents the non-clock pin loads (pin count)
*** Columns FF, LUTRAM, RAMB through 'Hard IP' represents load cell counts


15. Clock Region Cell Placement per Global Clock: Region X0Y3
-------------------------------------------------------------

+-----------+-------+-----------------+------------+-------------+-----------------+----+--------+------+-----+----+------+-----+---------+-----------------------------------------+
| Global Id | Track | Driver Type/Pin | Constraint | Clock Loads | Non-Clock Loads | FF | LUTRAM | RAMB | DSP | GT | MMCM | PLL | Hard IP | Net                                     |
+-----------+-------+-----------------+------------+-------------+-----------------+----+--------+------+-----+----+------+-----+---------+-----------------------------------------+
| g3        | n/a   | BUFG/O          | PBlock     |          68 |               0 | 68 |      0 |    0 |   0 |  0 |    0 |   0 |       0 | pcie_7x_0_support_i/icap_clk            |
| g6        | n/a   | BUFG/O          | PBlock     |           1 |               0 |  0 |      0 |    0 |   0 |  0 |    1 |   0 |       0 | pcie_7x_0_support_i/pipe_clock_i/refclk |
+-----------+-------+-----------------+------------+-------------+-----------------+----+--------+------+-----+----+------+-----+---------+-----------------------------------------+
* Clock Loads column represents the clock pin loads (pin count)
** Non-Clock Loads column represents the non-clock pin loads (pin count)
*** Columns FF, LUTRAM, RAMB through 'Hard IP' represents load cell counts


16. Clock Region Cell Placement per Global Clock: Region X1Y3
-------------------------------------------------------------

+-----------+-------+-----------------+------------+-------------+-----------------+------+--------+------+-----+----+------+-----+---------+-----------------------------------------------------------------------------------+
| Global Id | Track | Driver Type/Pin | Constraint | Clock Loads | Non-Clock Loads | FF   | LUTRAM | RAMB | DSP | GT | MMCM | PLL | Hard IP | Net                                                                               |
+-----------+-------+-----------------+------------+-------------+-----------------+------+--------+------+-----+----+------+-----+---------+-----------------------------------------------------------------------------------+
| g0        | n/a   | BUFGCTRL/O      | PBlock     |        2136 |               0 | 2131 |      0 |    0 |   0 |  4 |    0 |   0 |       1 | pcie_7x_0_support_i/pipe_clock_i/pclk_sel_reg_0                                   |
| g2        | n/a   | BUFG/O          | PBlock     |        1062 |               0 | 1057 |      0 |    3 |   0 |  0 |    0 |   0 |       1 | pcie_7x_0_support_i/pipe_clock_i/pipe_userclk2_in                                 |
| g1        | n/a   | BUFG/O          | PBlock     |         411 |               0 |  406 |      0 |    0 |   0 |  4 |    0 |   0 |       0 | pcie_7x_0_support_i/pipe_clock_i/pipe_dclk_in                                     |
| g3        | n/a   | BUFG/O          | PBlock     |         105 |               0 |  104 |      0 |    0 |   0 |  0 |    0 |   0 |       0 | pcie_7x_0_support_i/icap_clk                                                      |
| g4        | n/a   | BUFG/O          | PBlock     |          36 |               0 |    8 |     28 |    0 |   0 |  0 |    0 |   0 |       0 | pcie_7x_0_support_i/pcie_7x_0_i/inst/inst/gt_top_i/pipe_wrapper_i/gt_cpllpdrefclk |
| g5        | n/a   | BUFG/O          | PBlock     |           5 |               0 |    0 |      0 |    4 |   0 |  0 |    0 |   0 |       1 | pcie_7x_0_support_i/pipe_clock_i/pipe_userclk1_in                                 |
+-----------+-------+-----------------+------------+-------------+-----------------+------+--------+------+-----+----+------+-----+---------+-----------------------------------------------------------------------------------+
* Clock Loads column represents the clock pin loads (pin count)
** Non-Clock Loads column represents the non-clock pin loads (pin count)
*** Columns FF, LUTRAM, RAMB through 'Hard IP' represents load cell counts


17. Clock Region Cell Placement per Global Clock: Region X1Y4
-------------------------------------------------------------

+-----------+-------+-----------------+------------+-------------+-----------------+-----+--------+------+-----+----+------+-----+---------+-----------------------------------------------------------------------------------+
| Global Id | Track | Driver Type/Pin | Constraint | Clock Loads | Non-Clock Loads | FF  | LUTRAM | RAMB | DSP | GT | MMCM | PLL | Hard IP | Net                                                                               |
+-----------+-------+-----------------+------------+-------------+-----------------+-----+--------+------+-----+----+------+-----+---------+-----------------------------------------------------------------------------------+
| g0        | n/a   | BUFGCTRL/O      | PBlock     |         823 |               0 | 819 |      0 |    0 |   0 |  4 |    0 |   0 |       0 | pcie_7x_0_support_i/pipe_clock_i/pclk_sel_reg_0                                   |
| g1        | n/a   | BUFG/O          | PBlock     |         381 |               0 | 376 |      0 |    0 |   0 |  4 |    0 |   0 |       0 | pcie_7x_0_support_i/pipe_clock_i/pipe_dclk_in                                     |
| g4        | n/a   | BUFG/O          | PBlock     |          36 |               0 |   8 |     28 |    0 |   0 |  0 |    0 |   0 |       0 | pcie_7x_0_support_i/pcie_7x_0_i/inst/inst/gt_top_i/pipe_wrapper_i/gt_cpllpdrefclk |
+-----------+-------+-----------------+------------+-------------+-----------------+-----+--------+------+-----+----+------+-----+---------+-----------------------------------------------------------------------------------+
* Clock Loads column represents the clock pin loads (pin count)
** Non-Clock Loads column represents the non-clock pin loads (pin count)
*** Columns FF, LUTRAM, RAMB through 'Hard IP' represents load cell counts



# Location of BUFG Primitives 
set_property LOC BUFGCTRL_X0Y16 [get_cells pcie_7x_0_support_i/pipe_clock_i/txoutclk_i.txoutclk_i]
set_property LOC BUFGCTRL_X0Y1 [get_cells pcie_7x_0_support_i/pipe_clock_i/userclk2_i1.usrclk2_i1]
set_property LOC BUFGCTRL_X0Y5 [get_cells pcie_7x_0_support_i/pipe_clock_i/userclk1_i1.usrclk1_i1]
set_property LOC BUFGCTRL_X0Y2 [get_cells pcie_7x_0_support_i/pipe_clock_i/dclk_i_bufg.dclk_i]
set_property LOC BUFGCTRL_X0Y0 [get_cells pcie_7x_0_support_i/pipe_clock_i/pclk_i1_bufgctrl.pclk_i1]
set_property LOC BUFGCTRL_X0Y4 [get_cells pcie_7x_0_support_i/pcie_7x_0_i/inst/inst/gt_top_i/pipe_wrapper_i/cpllpd_refclk_inst]
set_property LOC BUFGCTRL_X0Y3 [get_cells pcie_7x_0_support_i/icap_clock_bufg]

# Location of IO Primitives which is load of clock spine

# Location of clock ports
set_property LOC IPAD_X1Y11 [get_ports sys_clk_n]
set_property LOC IPAD_X1Y10 [get_ports sys_clk_p]

# Clock net "pcie_7x_0_support_i/pipe_clock_i/pipe_userclk2_in" driven by instance "pcie_7x_0_support_i/pipe_clock_i/userclk2_i1.usrclk2_i1" located at site "BUFGCTRL_X0Y1"
#startgroup
create_pblock {CLKAG_pcie_7x_0_support_i/pipe_clock_i/pipe_userclk2_in}
add_cells_to_pblock [get_pblocks  {CLKAG_pcie_7x_0_support_i/pipe_clock_i/pipe_userclk2_in}] [get_cells -filter { PRIMITIVE_GROUP != I/O && IS_PRIMITIVE==1 && PRIMITIVE_LEVEL !=INTERNAL } -of_object [get_pins -filter {DIRECTION==IN} -of_objects [get_nets -hierarchical -filter {PARENT=="pcie_7x_0_support_i/pipe_clock_i/pipe_userclk2_in"}]]]
resize_pblock [get_pblocks {CLKAG_pcie_7x_0_support_i/pipe_clock_i/pipe_userclk2_in}] -add {CLOCKREGION_X0Y0:CLOCKREGION_X0Y0 CLOCKREGION_X0Y1:CLOCKREGION_X0Y1 CLOCKREGION_X0Y2:CLOCKREGION_X0Y2 CLOCKREGION_X0Y3:CLOCKREGION_X0Y3 CLOCKREGION_X0Y4:CLOCKREGION_X0Y4 CLOCKREGION_X0Y5:CLOCKREGION_X0Y5 CLOCKREGION_X0Y6:CLOCKREGION_X0Y6 CLOCKREGION_X1Y0:CLOCKREGION_X1Y0 CLOCKREGION_X1Y1:CLOCKREGION_X1Y1 CLOCKREGION_X1Y2:CLOCKREGION_X1Y2 CLOCKREGION_X1Y3:CLOCKREGION_X1Y3 CLOCKREGION_X1Y4:CLOCKREGION_X1Y4 CLOCKREGION_X1Y5:CLOCKREGION_X1Y5 CLOCKREGION_X1Y6:CLOCKREGION_X1Y6}
#endgroup

# Clock net "pcie_7x_0_support_i/pipe_clock_i/pipe_userclk1_in" driven by instance "pcie_7x_0_support_i/pipe_clock_i/userclk1_i1.usrclk1_i1" located at site "BUFGCTRL_X0Y5"
#startgroup
create_pblock {CLKAG_pcie_7x_0_support_i/pipe_clock_i/pipe_userclk1_in}
add_cells_to_pblock [get_pblocks  {CLKAG_pcie_7x_0_support_i/pipe_clock_i/pipe_userclk1_in}] [get_cells -filter { PRIMITIVE_GROUP != I/O && IS_PRIMITIVE==1 && PRIMITIVE_LEVEL !=INTERNAL } -of_object [get_pins -filter {DIRECTION==IN} -of_objects [get_nets -hierarchical -filter {PARENT=="pcie_7x_0_support_i/pipe_clock_i/pipe_userclk1_in"}]]]
resize_pblock [get_pblocks {CLKAG_pcie_7x_0_support_i/pipe_clock_i/pipe_userclk1_in}] -add {CLOCKREGION_X0Y0:CLOCKREGION_X0Y0 CLOCKREGION_X0Y1:CLOCKREGION_X0Y1 CLOCKREGION_X0Y2:CLOCKREGION_X0Y2 CLOCKREGION_X0Y3:CLOCKREGION_X0Y3 CLOCKREGION_X0Y4:CLOCKREGION_X0Y4 CLOCKREGION_X0Y5:CLOCKREGION_X0Y5 CLOCKREGION_X0Y6:CLOCKREGION_X0Y6 CLOCKREGION_X1Y0:CLOCKREGION_X1Y0 CLOCKREGION_X1Y1:CLOCKREGION_X1Y1 CLOCKREGION_X1Y2:CLOCKREGION_X1Y2 CLOCKREGION_X1Y3:CLOCKREGION_X1Y3 CLOCKREGION_X1Y4:CLOCKREGION_X1Y4 CLOCKREGION_X1Y5:CLOCKREGION_X1Y5 CLOCKREGION_X1Y6:CLOCKREGION_X1Y6}
#endgroup

# Clock net "pcie_7x_0_support_i/pipe_clock_i/pipe_dclk_in" driven by instance "pcie_7x_0_support_i/pipe_clock_i/dclk_i_bufg.dclk_i" located at site "BUFGCTRL_X0Y2"
#startgroup
create_pblock {CLKAG_pcie_7x_0_support_i/pipe_clock_i/pipe_dclk_in}
add_cells_to_pblock [get_pblocks  {CLKAG_pcie_7x_0_support_i/pipe_clock_i/pipe_dclk_in}] [get_cells -filter { PRIMITIVE_GROUP != I/O && IS_PRIMITIVE==1 && PRIMITIVE_LEVEL !=INTERNAL } -of_object [get_pins -filter {DIRECTION==IN} -of_objects [get_nets -hierarchical -filter {PARENT=="pcie_7x_0_support_i/pipe_clock_i/pipe_dclk_in"}]]]
resize_pblock [get_pblocks {CLKAG_pcie_7x_0_support_i/pipe_clock_i/pipe_dclk_in}] -add {CLOCKREGION_X0Y0:CLOCKREGION_X0Y0 CLOCKREGION_X0Y1:CLOCKREGION_X0Y1 CLOCKREGION_X0Y2:CLOCKREGION_X0Y2 CLOCKREGION_X0Y3:CLOCKREGION_X0Y3 CLOCKREGION_X0Y4:CLOCKREGION_X0Y4 CLOCKREGION_X0Y5:CLOCKREGION_X0Y5 CLOCKREGION_X0Y6:CLOCKREGION_X0Y6 CLOCKREGION_X1Y0:CLOCKREGION_X1Y0 CLOCKREGION_X1Y1:CLOCKREGION_X1Y1 CLOCKREGION_X1Y2:CLOCKREGION_X1Y2 CLOCKREGION_X1Y3:CLOCKREGION_X1Y3 CLOCKREGION_X1Y4:CLOCKREGION_X1Y4 CLOCKREGION_X1Y5:CLOCKREGION_X1Y5 CLOCKREGION_X1Y6:CLOCKREGION_X1Y6}
#endgroup

# Clock net "pcie_7x_0_support_i/pipe_clock_i/pclk_sel_reg_0" driven by instance "pcie_7x_0_support_i/pipe_clock_i/pclk_i1_bufgctrl.pclk_i1" located at site "BUFGCTRL_X0Y0"
#startgroup
create_pblock {CLKAG_pcie_7x_0_support_i/pipe_clock_i/pclk_sel_reg_0}
add_cells_to_pblock [get_pblocks  {CLKAG_pcie_7x_0_support_i/pipe_clock_i/pclk_sel_reg_0}] [get_cells -filter { PRIMITIVE_GROUP != I/O && IS_PRIMITIVE==1 && PRIMITIVE_LEVEL !=INTERNAL } -of_object [get_pins -filter {DIRECTION==IN} -of_objects [get_nets -hierarchical -filter {PARENT=="pcie_7x_0_support_i/pipe_clock_i/pclk_sel_reg_0"}]]]
resize_pblock [get_pblocks {CLKAG_pcie_7x_0_support_i/pipe_clock_i/pclk_sel_reg_0}] -add {CLOCKREGION_X0Y0:CLOCKREGION_X0Y0 CLOCKREGION_X0Y1:CLOCKREGION_X0Y1 CLOCKREGION_X0Y2:CLOCKREGION_X0Y2 CLOCKREGION_X0Y3:CLOCKREGION_X0Y3 CLOCKREGION_X0Y4:CLOCKREGION_X0Y4 CLOCKREGION_X0Y5:CLOCKREGION_X0Y5 CLOCKREGION_X0Y6:CLOCKREGION_X0Y6 CLOCKREGION_X1Y0:CLOCKREGION_X1Y0 CLOCKREGION_X1Y1:CLOCKREGION_X1Y1 CLOCKREGION_X1Y2:CLOCKREGION_X1Y2 CLOCKREGION_X1Y3:CLOCKREGION_X1Y3 CLOCKREGION_X1Y4:CLOCKREGION_X1Y4 CLOCKREGION_X1Y5:CLOCKREGION_X1Y5 CLOCKREGION_X1Y6:CLOCKREGION_X1Y6}
#endgroup

# Clock net "pcie_7x_0_support_i/pcie_7x_0_i/inst/inst/gt_top_i/pipe_wrapper_i/gt_cpllpdrefclk" driven by instance "pcie_7x_0_support_i/pcie_7x_0_i/inst/inst/gt_top_i/pipe_wrapper_i/cpllpd_refclk_inst" located at site "BUFGCTRL_X0Y4"
#startgroup
create_pblock {CLKAG_pcie_7x_0_support_i/pcie_7x_0_i/inst/inst/gt_top_i/pipe_wrapper_i/gt_cpllpdrefclk}
add_cells_to_pblock [get_pblocks  {CLKAG_pcie_7x_0_support_i/pcie_7x_0_i/inst/inst/gt_top_i/pipe_wrapper_i/gt_cpllpdrefclk}] [get_cells -filter { PRIMITIVE_GROUP != I/O && IS_PRIMITIVE==1 && PRIMITIVE_LEVEL !=INTERNAL } -of_object [get_pins -filter {DIRECTION==IN} -of_objects [get_nets -hierarchical -filter {PARENT=="pcie_7x_0_support_i/pcie_7x_0_i/inst/inst/gt_top_i/pipe_wrapper_i/gt_cpllpdrefclk"}]]]
resize_pblock [get_pblocks {CLKAG_pcie_7x_0_support_i/pcie_7x_0_i/inst/inst/gt_top_i/pipe_wrapper_i/gt_cpllpdrefclk}] -add {CLOCKREGION_X0Y0:CLOCKREGION_X0Y0 CLOCKREGION_X0Y1:CLOCKREGION_X0Y1 CLOCKREGION_X0Y2:CLOCKREGION_X0Y2 CLOCKREGION_X0Y3:CLOCKREGION_X0Y3 CLOCKREGION_X0Y4:CLOCKREGION_X0Y4 CLOCKREGION_X0Y5:CLOCKREGION_X0Y5 CLOCKREGION_X0Y6:CLOCKREGION_X0Y6 CLOCKREGION_X1Y0:CLOCKREGION_X1Y0 CLOCKREGION_X1Y1:CLOCKREGION_X1Y1 CLOCKREGION_X1Y2:CLOCKREGION_X1Y2 CLOCKREGION_X1Y3:CLOCKREGION_X1Y3 CLOCKREGION_X1Y4:CLOCKREGION_X1Y4 CLOCKREGION_X1Y5:CLOCKREGION_X1Y5 CLOCKREGION_X1Y6:CLOCKREGION_X1Y6}
#endgroup

# Clock net "pcie_7x_0_support_i/icap_clk" driven by instance "pcie_7x_0_support_i/icap_clock_bufg" located at site "BUFGCTRL_X0Y3"
#startgroup
create_pblock {CLKAG_pcie_7x_0_support_i/icap_clk}
add_cells_to_pblock [get_pblocks  {CLKAG_pcie_7x_0_support_i/icap_clk}] [get_cells -filter { PRIMITIVE_GROUP != I/O && IS_PRIMITIVE==1 && PRIMITIVE_LEVEL !=INTERNAL } -of_object [get_pins -filter {DIRECTION==IN} -of_objects [get_nets -hierarchical -filter {PARENT=="pcie_7x_0_support_i/icap_clk"}]]]
resize_pblock [get_pblocks {CLKAG_pcie_7x_0_support_i/icap_clk}] -add {CLOCKREGION_X0Y0:CLOCKREGION_X0Y0 CLOCKREGION_X0Y1:CLOCKREGION_X0Y1 CLOCKREGION_X0Y2:CLOCKREGION_X0Y2 CLOCKREGION_X0Y3:CLOCKREGION_X0Y3 CLOCKREGION_X0Y4:CLOCKREGION_X0Y4 CLOCKREGION_X0Y5:CLOCKREGION_X0Y5 CLOCKREGION_X0Y6:CLOCKREGION_X0Y6 CLOCKREGION_X1Y0:CLOCKREGION_X1Y0 CLOCKREGION_X1Y1:CLOCKREGION_X1Y1 CLOCKREGION_X1Y2:CLOCKREGION_X1Y2 CLOCKREGION_X1Y3:CLOCKREGION_X1Y3 CLOCKREGION_X1Y4:CLOCKREGION_X1Y4 CLOCKREGION_X1Y5:CLOCKREGION_X1Y5 CLOCKREGION_X1Y6:CLOCKREGION_X1Y6}
#endgroup
